2014-03-29 19:04:10,983 INFO org.apache.hadoop.hdfs.server.namenode.SecondaryNameNode: STARTUP_MSG: 
/************************************************************
STARTUP_MSG: Starting SecondaryNameNode
STARTUP_MSG:   host = Prateeks-MacBook-Pro.local/192.168.1.3
STARTUP_MSG:   args = []
STARTUP_MSG:   version = 2.2.0
STARTUP_MSG:   classpath = /Users/prateek/UT-classes/Distributed-Computing/Assignment3/hadoop-2.2.0/etc/hadoop:/Users/prateek/UT-classes/Distributed-Computing/Assignment3/hadoop-2.2.0/share/hadoop/common/lib/activation-1.1.jar:/Users/prateek/UT-classes/Distributed-Computing/Assignment3/hadoop-2.2.0/share/hadoop/common/lib/asm-3.2.jar:/Users/prateek/UT-classes/Distributed-Computing/Assignment3/hadoop-2.2.0/share/hadoop/common/lib/avro-1.7.4.jar:/Users/prateek/UT-classes/Distributed-Computing/Assignment3/hadoop-2.2.0/share/hadoop/common/lib/commons-beanutils-1.7.0.jar:/Users/prateek/UT-classes/Distributed-Computing/Assignment3/hadoop-2.2.0/share/hadoop/common/lib/commons-beanutils-core-1.8.0.jar:/Users/prateek/UT-classes/Distributed-Computing/Assignment3/hadoop-2.2.0/share/hadoop/common/lib/commons-cli-1.2.jar:/Users/prateek/UT-classes/Distributed-Computing/Assignment3/hadoop-2.2.0/share/hadoop/common/lib/commons-codec-1.4.jar:/Users/prateek/UT-classes/Distributed-Computing/Assignment3/hadoop-2.2.0/share/hadoop/common/lib/commons-collections-3.2.1.jar:/Users/prateek/UT-classes/Distributed-Computing/Assignment3/hadoop-2.2.0/share/hadoop/common/lib/commons-compress-1.4.1.jar:/Users/prateek/UT-classes/Distributed-Computing/Assignment3/hadoop-2.2.0/share/hadoop/common/lib/commons-configuration-1.6.jar:/Users/prateek/UT-classes/Distributed-Computing/Assignment3/hadoop-2.2.0/share/hadoop/common/lib/commons-digester-1.8.jar:/Users/prateek/UT-classes/Distributed-Computing/Assignment3/hadoop-2.2.0/share/hadoop/common/lib/commons-el-1.0.jar:/Users/prateek/UT-classes/Distributed-Computing/Assignment3/hadoop-2.2.0/share/hadoop/common/lib/commons-httpclient-3.1.jar:/Users/prateek/UT-classes/Distributed-Computing/Assignment3/hadoop-2.2.0/share/hadoop/common/lib/commons-io-2.1.jar:/Users/prateek/UT-classes/Distributed-Computing/Assignment3/hadoop-2.2.0/share/hadoop/common/lib/commons-lang-2.5.jar:/Users/prateek/UT-classes/Distributed-Computing/Assignment3/hadoop-2.2.0/share/hadoop/common/lib/commons-logging-1.1.1.jar:/Users/prateek/UT-classes/Distributed-Computing/Assignment3/hadoop-2.2.0/share/hadoop/common/lib/commons-math-2.1.jar:/Users/prateek/UT-classes/Distributed-Computing/Assignment3/hadoop-2.2.0/share/hadoop/common/lib/commons-net-3.1.jar:/Users/prateek/UT-classes/Distributed-Computing/Assignment3/hadoop-2.2.0/share/hadoop/common/lib/guava-11.0.2.jar:/Users/prateek/UT-classes/Distributed-Computing/Assignment3/hadoop-2.2.0/share/hadoop/common/lib/hadoop-annotations-2.2.0.jar:/Users/prateek/UT-classes/Distributed-Computing/Assignment3/hadoop-2.2.0/share/hadoop/common/lib/hadoop-auth-2.2.0.jar:/Users/prateek/UT-classes/Distributed-Computing/Assignment3/hadoop-2.2.0/share/hadoop/common/lib/jackson-core-asl-1.8.8.jar:/Users/prateek/UT-classes/Distributed-Computing/Assignment3/hadoop-2.2.0/share/hadoop/common/lib/jackson-jaxrs-1.8.8.jar:/Users/prateek/UT-classes/Distributed-Computing/Assignment3/hadoop-2.2.0/share/hadoop/common/lib/jackson-mapper-asl-1.8.8.jar:/Users/prateek/UT-classes/Distributed-Computing/Assignment3/hadoop-2.2.0/share/hadoop/common/lib/jackson-xc-1.8.8.jar:/Users/prateek/UT-classes/Distributed-Computing/Assignment3/hadoop-2.2.0/share/hadoop/common/lib/jasper-compiler-5.5.23.jar:/Users/prateek/UT-classes/Distributed-Computing/Assignment3/hadoop-2.2.0/share/hadoop/common/lib/jasper-runtime-5.5.23.jar:/Users/prateek/UT-classes/Distributed-Computing/Assignment3/hadoop-2.2.0/share/hadoop/common/lib/jaxb-api-2.2.2.jar:/Users/prateek/UT-classes/Distributed-Computing/Assignment3/hadoop-2.2.0/share/hadoop/common/lib/jaxb-impl-2.2.3-1.jar:/Users/prateek/UT-classes/Distributed-Computing/Assignment3/hadoop-2.2.0/share/hadoop/common/lib/jersey-core-1.9.jar:/Users/prateek/UT-classes/Distributed-Computing/Assignment3/hadoop-2.2.0/share/hadoop/common/lib/jersey-json-1.9.jar:/Users/prateek/UT-classes/Distributed-Computing/Assignment3/hadoop-2.2.0/share/hadoop/common/lib/jersey-server-1.9.jar:/Users/prateek/UT-classes/Distributed-Computing/Assignment3/hadoop-2.2.0/share/hadoop/common/lib/jets3t-0.6.1.jar:/Users/prateek/UT-classes/Distributed-Computing/Assignment3/hadoop-2.2.0/share/hadoop/common/lib/jettison-1.1.jar:/Users/prateek/UT-classes/Distributed-Computing/Assignment3/hadoop-2.2.0/share/hadoop/common/lib/jetty-6.1.26.jar:/Users/prateek/UT-classes/Distributed-Computing/Assignment3/hadoop-2.2.0/share/hadoop/common/lib/jetty-util-6.1.26.jar:/Users/prateek/UT-classes/Distributed-Computing/Assignment3/hadoop-2.2.0/share/hadoop/common/lib/jsch-0.1.42.jar:/Users/prateek/UT-classes/Distributed-Computing/Assignment3/hadoop-2.2.0/share/hadoop/common/lib/jsp-api-2.1.jar:/Users/prateek/UT-classes/Distributed-Computing/Assignment3/hadoop-2.2.0/share/hadoop/common/lib/jsr305-1.3.9.jar:/Users/prateek/UT-classes/Distributed-Computing/Assignment3/hadoop-2.2.0/share/hadoop/common/lib/junit-4.8.2.jar:/Users/prateek/UT-classes/Distributed-Computing/Assignment3/hadoop-2.2.0/share/hadoop/common/lib/log4j-1.2.17.jar:/Users/prateek/UT-classes/Distributed-Computing/Assignment3/hadoop-2.2.0/share/hadoop/common/lib/mockito-all-1.8.5.jar:/Users/prateek/UT-classes/Distributed-Computing/Assignment3/hadoop-2.2.0/share/hadoop/common/lib/netty-3.6.2.Final.jar:/Users/prateek/UT-classes/Distributed-Computing/Assignment3/hadoop-2.2.0/share/hadoop/common/lib/paranamer-2.3.jar:/Users/prateek/UT-classes/Distributed-Computing/Assignment3/hadoop-2.2.0/share/hadoop/common/lib/protobuf-java-2.5.0.jar:/Users/prateek/UT-classes/Distributed-Computing/Assignment3/hadoop-2.2.0/share/hadoop/common/lib/servlet-api-2.5.jar:/Users/prateek/UT-classes/Distributed-Computing/Assignment3/hadoop-2.2.0/share/hadoop/common/lib/slf4j-api-1.7.5.jar:/Users/prateek/UT-classes/Distributed-Computing/Assignment3/hadoop-2.2.0/share/hadoop/common/lib/slf4j-log4j12-1.7.5.jar:/Users/prateek/UT-classes/Distributed-Computing/Assignment3/hadoop-2.2.0/share/hadoop/common/lib/snappy-java-1.0.4.1.jar:/Users/prateek/UT-classes/Distributed-Computing/Assignment3/hadoop-2.2.0/share/hadoop/common/lib/stax-api-1.0.1.jar:/Users/prateek/UT-classes/Distributed-Computing/Assignment3/hadoop-2.2.0/share/hadoop/common/lib/xmlenc-0.52.jar:/Users/prateek/UT-classes/Distributed-Computing/Assignment3/hadoop-2.2.0/share/hadoop/common/lib/xz-1.0.jar:/Users/prateek/UT-classes/Distributed-Computing/Assignment3/hadoop-2.2.0/share/hadoop/common/lib/zookeeper-3.4.5.jar:/Users/prateek/UT-classes/Distributed-Computing/Assignment3/hadoop-2.2.0/share/hadoop/common/hadoop-common-2.2.0-tests.jar:/Users/prateek/UT-classes/Distributed-Computing/Assignment3/hadoop-2.2.0/share/hadoop/common/hadoop-common-2.2.0.jar:/Users/prateek/UT-classes/Distributed-Computing/Assignment3/hadoop-2.2.0/share/hadoop/common/hadoop-nfs-2.2.0.jar:/Users/prateek/UT-classes/Distributed-Computing/Assignment3/hadoop-2.2.0/share/hadoop/hdfs:/Users/prateek/UT-classes/Distributed-Computing/Assignment3/hadoop-2.2.0/share/hadoop/hdfs/lib/asm-3.2.jar:/Users/prateek/UT-classes/Distributed-Computing/Assignment3/hadoop-2.2.0/share/hadoop/hdfs/lib/commons-cli-1.2.jar:/Users/prateek/UT-classes/Distributed-Computing/Assignment3/hadoop-2.2.0/share/hadoop/hdfs/lib/commons-codec-1.4.jar:/Users/prateek/UT-classes/Distributed-Computing/Assignment3/hadoop-2.2.0/share/hadoop/hdfs/lib/commons-daemon-1.0.13.jar:/Users/prateek/UT-classes/Distributed-Computing/Assignment3/hadoop-2.2.0/share/hadoop/hdfs/lib/commons-el-1.0.jar:/Users/prateek/UT-classes/Distributed-Computing/Assignment3/hadoop-2.2.0/share/hadoop/hdfs/lib/commons-io-2.1.jar:/Users/prateek/UT-classes/Distributed-Computing/Assignment3/hadoop-2.2.0/share/hadoop/hdfs/lib/commons-lang-2.5.jar:/Users/prateek/UT-classes/Distributed-Computing/Assignment3/hadoop-2.2.0/share/hadoop/hdfs/lib/commons-logging-1.1.1.jar:/Users/prateek/UT-classes/Distributed-Computing/Assignment3/hadoop-2.2.0/share/hadoop/hdfs/lib/guava-11.0.2.jar:/Users/prateek/UT-classes/Distributed-Computing/Assignment3/hadoop-2.2.0/share/hadoop/hdfs/lib/jackson-core-asl-1.8.8.jar:/Users/prateek/UT-classes/Distributed-Computing/Assignment3/hadoop-2.2.0/share/hadoop/hdfs/lib/jackson-mapper-asl-1.8.8.jar:/Users/prateek/UT-classes/Distributed-Computing/Assignment3/hadoop-2.2.0/share/hadoop/hdfs/lib/jasper-runtime-5.5.23.jar:/Users/prateek/UT-classes/Distributed-Computing/Assignment3/hadoop-2.2.0/share/hadoop/hdfs/lib/jersey-core-1.9.jar:/Users/prateek/UT-classes/Distributed-Computing/Assignment3/hadoop-2.2.0/share/hadoop/hdfs/lib/jersey-server-1.9.jar:/Users/prateek/UT-classes/Distributed-Computing/Assignment3/hadoop-2.2.0/share/hadoop/hdfs/lib/jetty-6.1.26.jar:/Users/prateek/UT-classes/Distributed-Computing/Assignment3/hadoop-2.2.0/share/hadoop/hdfs/lib/jetty-util-6.1.26.jar:/Users/prateek/UT-classes/Distributed-Computing/Assignment3/hadoop-2.2.0/share/hadoop/hdfs/lib/jsp-api-2.1.jar:/Users/prateek/UT-classes/Distributed-Computing/Assignment3/hadoop-2.2.0/share/hadoop/hdfs/lib/jsr305-1.3.9.jar:/Users/prateek/UT-classes/Distributed-Computing/Assignment3/hadoop-2.2.0/share/hadoop/hdfs/lib/log4j-1.2.17.jar:/Users/prateek/UT-classes/Distributed-Computing/Assignment3/hadoop-2.2.0/share/hadoop/hdfs/lib/netty-3.6.2.Final.jar:/Users/prateek/UT-classes/Distributed-Computing/Assignment3/hadoop-2.2.0/share/hadoop/hdfs/lib/protobuf-java-2.5.0.jar:/Users/prateek/UT-classes/Distributed-Computing/Assignment3/hadoop-2.2.0/share/hadoop/hdfs/lib/servlet-api-2.5.jar:/Users/prateek/UT-classes/Distributed-Computing/Assignment3/hadoop-2.2.0/share/hadoop/hdfs/lib/xmlenc-0.52.jar:/Users/prateek/UT-classes/Distributed-Computing/Assignment3/hadoop-2.2.0/share/hadoop/hdfs/hadoop-hdfs-2.2.0-tests.jar:/Users/prateek/UT-classes/Distributed-Computing/Assignment3/hadoop-2.2.0/share/hadoop/hdfs/hadoop-hdfs-2.2.0.jar:/Users/prateek/UT-classes/Distributed-Computing/Assignment3/hadoop-2.2.0/share/hadoop/hdfs/hadoop-hdfs-nfs-2.2.0.jar:/Users/prateek/UT-classes/Distributed-Computing/Assignment3/hadoop-2.2.0/share/hadoop/yarn/lib/aopalliance-1.0.jar:/Users/prateek/UT-classes/Distributed-Computing/Assignment3/hadoop-2.2.0/share/hadoop/yarn/lib/asm-3.2.jar:/Users/prateek/UT-classes/Distributed-Computing/Assignment3/hadoop-2.2.0/share/hadoop/yarn/lib/avro-1.7.4.jar:/Users/prateek/UT-classes/Distributed-Computing/Assignment3/hadoop-2.2.0/share/hadoop/yarn/lib/commons-compress-1.4.1.jar:/Users/prateek/UT-classes/Distributed-Computing/Assignment3/hadoop-2.2.0/share/hadoop/yarn/lib/commons-io-2.1.jar:/Users/prateek/UT-classes/Distributed-Computing/Assignment3/hadoop-2.2.0/share/hadoop/yarn/lib/guice-3.0.jar:/Users/prateek/UT-classes/Distributed-Computing/Assignment3/hadoop-2.2.0/share/hadoop/yarn/lib/guice-servlet-3.0.jar:/Users/prateek/UT-classes/Distributed-Computing/Assignment3/hadoop-2.2.0/share/hadoop/yarn/lib/hadoop-annotations-2.2.0.jar:/Users/prateek/UT-classes/Distributed-Computing/Assignment3/hadoop-2.2.0/share/hadoop/yarn/lib/hamcrest-core-1.1.jar:/Users/prateek/UT-classes/Distributed-Computing/Assignment3/hadoop-2.2.0/share/hadoop/yarn/lib/jackson-core-asl-1.8.8.jar:/Users/prateek/UT-classes/Distributed-Computing/Assignment3/hadoop-2.2.0/share/hadoop/yarn/lib/jackson-mapper-asl-1.8.8.jar:/Users/prateek/UT-classes/Distributed-Computing/Assignment3/hadoop-2.2.0/share/hadoop/yarn/lib/javax.inject-1.jar:/Users/prateek/UT-classes/Distributed-Computing/Assignment3/hadoop-2.2.0/share/hadoop/yarn/lib/jersey-core-1.9.jar:/Users/prateek/UT-classes/Distributed-Computing/Assignment3/hadoop-2.2.0/share/hadoop/yarn/lib/jersey-guice-1.9.jar:/Users/prateek/UT-classes/Distributed-Computing/Assignment3/hadoop-2.2.0/share/hadoop/yarn/lib/jersey-server-1.9.jar:/Users/prateek/UT-classes/Distributed-Computing/Assignment3/hadoop-2.2.0/share/hadoop/yarn/lib/junit-4.10.jar:/Users/prateek/UT-classes/Distributed-Computing/Assignment3/hadoop-2.2.0/share/hadoop/yarn/lib/log4j-1.2.17.jar:/Users/prateek/UT-classes/Distributed-Computing/Assignment3/hadoop-2.2.0/share/hadoop/yarn/lib/netty-3.6.2.Final.jar:/Users/prateek/UT-classes/Distributed-Computing/Assignment3/hadoop-2.2.0/share/hadoop/yarn/lib/paranamer-2.3.jar:/Users/prateek/UT-classes/Distributed-Computing/Assignment3/hadoop-2.2.0/share/hadoop/yarn/lib/protobuf-java-2.5.0.jar:/Users/prateek/UT-classes/Distributed-Computing/Assignment3/hadoop-2.2.0/share/hadoop/yarn/lib/snappy-java-1.0.4.1.jar:/Users/prateek/UT-classes/Distributed-Computing/Assignment3/hadoop-2.2.0/share/hadoop/yarn/lib/xz-1.0.jar:/Users/prateek/UT-classes/Distributed-Computing/Assignment3/hadoop-2.2.0/share/hadoop/yarn/hadoop-yarn-api-2.2.0.jar:/Users/prateek/UT-classes/Distributed-Computing/Assignment3/hadoop-2.2.0/share/hadoop/yarn/hadoop-yarn-applications-distributedshell-2.2.0.jar:/Users/prateek/UT-classes/Distributed-Computing/Assignment3/hadoop-2.2.0/share/hadoop/yarn/hadoop-yarn-applications-unmanaged-am-launcher-2.2.0.jar:/Users/prateek/UT-classes/Distributed-Computing/Assignment3/hadoop-2.2.0/share/hadoop/yarn/hadoop-yarn-client-2.2.0.jar:/Users/prateek/UT-classes/Distributed-Computing/Assignment3/hadoop-2.2.0/share/hadoop/yarn/hadoop-yarn-common-2.2.0.jar:/Users/prateek/UT-classes/Distributed-Computing/Assignment3/hadoop-2.2.0/share/hadoop/yarn/hadoop-yarn-server-common-2.2.0.jar:/Users/prateek/UT-classes/Distributed-Computing/Assignment3/hadoop-2.2.0/share/hadoop/yarn/hadoop-yarn-server-nodemanager-2.2.0.jar:/Users/prateek/UT-classes/Distributed-Computing/Assignment3/hadoop-2.2.0/share/hadoop/yarn/hadoop-yarn-server-resourcemanager-2.2.0.jar:/Users/prateek/UT-classes/Distributed-Computing/Assignment3/hadoop-2.2.0/share/hadoop/yarn/hadoop-yarn-server-tests-2.2.0.jar:/Users/prateek/UT-classes/Distributed-Computing/Assignment3/hadoop-2.2.0/share/hadoop/yarn/hadoop-yarn-server-web-proxy-2.2.0.jar:/Users/prateek/UT-classes/Distributed-Computing/Assignment3/hadoop-2.2.0/share/hadoop/yarn/hadoop-yarn-site-2.2.0.jar:/Users/prateek/UT-classes/Distributed-Computing/Assignment3/hadoop-2.2.0/share/hadoop/mapreduce/lib/aopalliance-1.0.jar:/Users/prateek/UT-classes/Distributed-Computing/Assignment3/hadoop-2.2.0/share/hadoop/mapreduce/lib/asm-3.2.jar:/Users/prateek/UT-classes/Distributed-Computing/Assignment3/hadoop-2.2.0/share/hadoop/mapreduce/lib/avro-1.7.4.jar:/Users/prateek/UT-classes/Distributed-Computing/Assignment3/hadoop-2.2.0/share/hadoop/mapreduce/lib/commons-compress-1.4.1.jar:/Users/prateek/UT-classes/Distributed-Computing/Assignment3/hadoop-2.2.0/share/hadoop/mapreduce/lib/commons-io-2.1.jar:/Users/prateek/UT-classes/Distributed-Computing/Assignment3/hadoop-2.2.0/share/hadoop/mapreduce/lib/guice-3.0.jar:/Users/prateek/UT-classes/Distributed-Computing/Assignment3/hadoop-2.2.0/share/hadoop/mapreduce/lib/guice-servlet-3.0.jar:/Users/prateek/UT-classes/Distributed-Computing/Assignment3/hadoop-2.2.0/share/hadoop/mapreduce/lib/hadoop-annotations-2.2.0.jar:/Users/prateek/UT-classes/Distributed-Computing/Assignment3/hadoop-2.2.0/share/hadoop/mapreduce/lib/hamcrest-core-1.1.jar:/Users/prateek/UT-classes/Distributed-Computing/Assignment3/hadoop-2.2.0/share/hadoop/mapreduce/lib/jackson-core-asl-1.8.8.jar:/Users/prateek/UT-classes/Distributed-Computing/Assignment3/hadoop-2.2.0/share/hadoop/mapreduce/lib/jackson-mapper-asl-1.8.8.jar:/Users/prateek/UT-classes/Distributed-Computing/Assignment3/hadoop-2.2.0/share/hadoop/mapreduce/lib/javax.inject-1.jar:/Users/prateek/UT-classes/Distributed-Computing/Assignment3/hadoop-2.2.0/share/hadoop/mapreduce/lib/jersey-core-1.9.jar:/Users/prateek/UT-classes/Distributed-Computing/Assignment3/hadoop-2.2.0/share/hadoop/mapreduce/lib/jersey-guice-1.9.jar:/Users/prateek/UT-classes/Distributed-Computing/Assignment3/hadoop-2.2.0/share/hadoop/mapreduce/lib/jersey-server-1.9.jar:/Users/prateek/UT-classes/Distributed-Computing/Assignment3/hadoop-2.2.0/share/hadoop/mapreduce/lib/junit-4.10.jar:/Users/prateek/UT-classes/Distributed-Computing/Assignment3/hadoop-2.2.0/share/hadoop/mapreduce/lib/log4j-1.2.17.jar:/Users/prateek/UT-classes/Distributed-Computing/Assignment3/hadoop-2.2.0/share/hadoop/mapreduce/lib/netty-3.6.2.Final.jar:/Users/prateek/UT-classes/Distributed-Computing/Assignment3/hadoop-2.2.0/share/hadoop/mapreduce/lib/paranamer-2.3.jar:/Users/prateek/UT-classes/Distributed-Computing/Assignment3/hadoop-2.2.0/share/hadoop/mapreduce/lib/protobuf-java-2.5.0.jar:/Users/prateek/UT-classes/Distributed-Computing/Assignment3/hadoop-2.2.0/share/hadoop/mapreduce/lib/snappy-java-1.0.4.1.jar:/Users/prateek/UT-classes/Distributed-Computing/Assignment3/hadoop-2.2.0/share/hadoop/mapreduce/lib/xz-1.0.jar:/Users/prateek/UT-classes/Distributed-Computing/Assignment3/hadoop-2.2.0/share/hadoop/mapreduce/hadoop-mapreduce-client-app-2.2.0.jar:/Users/prateek/UT-classes/Distributed-Computing/Assignment3/hadoop-2.2.0/share/hadoop/mapreduce/hadoop-mapreduce-client-common-2.2.0.jar:/Users/prateek/UT-classes/Distributed-Computing/Assignment3/hadoop-2.2.0/share/hadoop/mapreduce/hadoop-mapreduce-client-core-2.2.0.jar:/Users/prateek/UT-classes/Distributed-Computing/Assignment3/hadoop-2.2.0/share/hadoop/mapreduce/hadoop-mapreduce-client-hs-2.2.0.jar:/Users/prateek/UT-classes/Distributed-Computing/Assignment3/hadoop-2.2.0/share/hadoop/mapreduce/hadoop-mapreduce-client-hs-plugins-2.2.0.jar:/Users/prateek/UT-classes/Distributed-Computing/Assignment3/hadoop-2.2.0/share/hadoop/mapreduce/hadoop-mapreduce-client-jobclient-2.2.0-tests.jar:/Users/prateek/UT-classes/Distributed-Computing/Assignment3/hadoop-2.2.0/share/hadoop/mapreduce/hadoop-mapreduce-client-jobclient-2.2.0.jar:/Users/prateek/UT-classes/Distributed-Computing/Assignment3/hadoop-2.2.0/share/hadoop/mapreduce/hadoop-mapreduce-client-shuffle-2.2.0.jar:/Users/prateek/UT-classes/Distributed-Computing/Assignment3/hadoop-2.2.0/share/hadoop/mapreduce/hadoop-mapreduce-examples-2.2.0.jar:/contrib/capacity-scheduler/*.jar:/contrib/capacity-scheduler/*.jar:/contrib/capacity-scheduler/*.jar
STARTUP_MSG:   build = https://svn.apache.org/repos/asf/hadoop/common -r 1529768; compiled by 'hortonmu' on 2013-10-07T06:28Z
STARTUP_MSG:   java = 1.6.0_65
************************************************************/
2014-03-29 19:04:10,990 INFO org.apache.hadoop.hdfs.server.namenode.SecondaryNameNode: registered UNIX signal handlers for [TERM, HUP, INT]
2014-03-29 19:04:11,409 WARN org.apache.hadoop.util.NativeCodeLoader: Unable to load native-hadoop library for your platform... using builtin-java classes where applicable
2014-03-29 19:04:11,572 INFO org.apache.hadoop.metrics2.impl.MetricsConfig: loaded properties from hadoop-metrics2.properties
2014-03-29 19:04:11,854 INFO org.apache.hadoop.metrics2.impl.MetricsSystemImpl: Scheduled snapshot period at 10 second(s).
2014-03-29 19:04:11,854 INFO org.apache.hadoop.metrics2.impl.MetricsSystemImpl: SecondaryNameNode metrics system started
2014-03-29 19:04:12,138 INFO org.apache.hadoop.hdfs.server.common.Storage: Lock on /Users/prateek/UT-classes/Distributed-Computing/Assignment3/hadoop-2.2.0/tmp/dfs/namesecondary/in_use.lock acquired by nodename 6669@Prateeks-MacBook-Pro.local
2014-03-29 19:04:12,165 INFO org.apache.hadoop.hdfs.server.namenode.HostFileManager: read includes:
HostSet(
)
2014-03-29 19:04:12,165 INFO org.apache.hadoop.hdfs.server.namenode.HostFileManager: read excludes:
HostSet(
)
2014-03-29 19:04:12,167 INFO org.apache.hadoop.hdfs.server.blockmanagement.DatanodeManager: dfs.block.invalidate.limit=1000
2014-03-29 19:04:12,169 INFO org.apache.hadoop.util.GSet: Computing capacity for map BlocksMap
2014-03-29 19:04:12,169 INFO org.apache.hadoop.util.GSet: VM type       = 64-bit
2014-03-29 19:04:12,172 INFO org.apache.hadoop.util.GSet: 2.0% max memory = 987.5 MB
2014-03-29 19:04:12,172 INFO org.apache.hadoop.util.GSet: capacity      = 2^21 = 2097152 entries
2014-03-29 19:04:12,177 INFO org.apache.hadoop.hdfs.server.blockmanagement.BlockManager: dfs.block.access.token.enable=false
2014-03-29 19:04:12,177 INFO org.apache.hadoop.hdfs.server.blockmanagement.BlockManager: defaultReplication         = 3
2014-03-29 19:04:12,177 INFO org.apache.hadoop.hdfs.server.blockmanagement.BlockManager: maxReplication             = 512
2014-03-29 19:04:12,177 INFO org.apache.hadoop.hdfs.server.blockmanagement.BlockManager: minReplication             = 1
2014-03-29 19:04:12,177 INFO org.apache.hadoop.hdfs.server.blockmanagement.BlockManager: maxReplicationStreams      = 2
2014-03-29 19:04:12,177 INFO org.apache.hadoop.hdfs.server.blockmanagement.BlockManager: shouldCheckForEnoughRacks  = false
2014-03-29 19:04:12,177 INFO org.apache.hadoop.hdfs.server.blockmanagement.BlockManager: replicationRecheckInterval = 3000
2014-03-29 19:04:12,177 INFO org.apache.hadoop.hdfs.server.blockmanagement.BlockManager: encryptDataTransfer        = false
2014-03-29 19:04:12,178 INFO org.apache.hadoop.hdfs.server.namenode.FSNamesystem: fsOwner             = prateek (auth:SIMPLE)
2014-03-29 19:04:12,178 INFO org.apache.hadoop.hdfs.server.namenode.FSNamesystem: supergroup          = supergroup
2014-03-29 19:04:12,178 INFO org.apache.hadoop.hdfs.server.namenode.FSNamesystem: isPermissionEnabled = true
2014-03-29 19:04:12,178 INFO org.apache.hadoop.hdfs.server.namenode.FSNamesystem: HA Enabled: false
2014-03-29 19:04:12,181 INFO org.apache.hadoop.hdfs.server.namenode.FSNamesystem: Append Enabled: true
2014-03-29 19:04:12,372 INFO org.apache.hadoop.util.GSet: Computing capacity for map INodeMap
2014-03-29 19:04:12,373 INFO org.apache.hadoop.util.GSet: VM type       = 64-bit
2014-03-29 19:04:12,373 INFO org.apache.hadoop.util.GSet: 1.0% max memory = 987.5 MB
2014-03-29 19:04:12,373 INFO org.apache.hadoop.util.GSet: capacity      = 2^20 = 1048576 entries
2014-03-29 19:04:12,373 INFO org.apache.hadoop.hdfs.server.namenode.NameNode: Caching file names occuring more than 10 times
2014-03-29 19:04:12,376 INFO org.apache.hadoop.hdfs.server.namenode.FSNamesystem: dfs.namenode.safemode.threshold-pct = 0.9990000128746033
2014-03-29 19:04:12,376 INFO org.apache.hadoop.hdfs.server.namenode.FSNamesystem: dfs.namenode.safemode.min.datanodes = 0
2014-03-29 19:04:12,376 INFO org.apache.hadoop.hdfs.server.namenode.FSNamesystem: dfs.namenode.safemode.extension     = 30000
2014-03-29 19:04:12,414 INFO org.mortbay.log: Logging to org.slf4j.impl.Log4jLoggerAdapter(org.mortbay.log) via org.mortbay.log.Slf4jLog
2014-03-29 19:04:12,455 INFO org.apache.hadoop.http.HttpServer: Added global filter 'safety' (class=org.apache.hadoop.http.HttpServer$QuotingInputFilter)
2014-03-29 19:04:12,457 INFO org.apache.hadoop.http.HttpServer: Added filter static_user_filter (class=org.apache.hadoop.http.lib.StaticUserWebFilter$StaticUserFilter) to context secondary
2014-03-29 19:04:12,457 INFO org.apache.hadoop.http.HttpServer: Added filter static_user_filter (class=org.apache.hadoop.http.lib.StaticUserWebFilter$StaticUserFilter) to context static
2014-03-29 19:04:12,457 INFO org.apache.hadoop.http.HttpServer: Added filter static_user_filter (class=org.apache.hadoop.http.lib.StaticUserWebFilter$StaticUserFilter) to context logs
2014-03-29 19:04:12,484 INFO org.apache.hadoop.http.HttpServer: Jetty bound to port 50090
2014-03-29 19:04:12,484 INFO org.mortbay.log: jetty-6.1.26
2014-03-29 19:04:12,669 INFO org.mortbay.log: Started SelectChannelConnector@0.0.0.0:50090
2014-03-29 19:04:12,669 INFO org.apache.hadoop.hdfs.server.namenode.SecondaryNameNode: Web server init done
2014-03-29 19:04:12,669 INFO org.apache.hadoop.hdfs.server.namenode.SecondaryNameNode: Secondary Web-server up at: 0.0.0.0:50090
2014-03-29 19:04:12,669 INFO org.apache.hadoop.hdfs.server.namenode.SecondaryNameNode: Checkpoint Period   :3600 secs (60 min)
2014-03-29 19:04:12,669 INFO org.apache.hadoop.hdfs.server.namenode.SecondaryNameNode: Log Size Trigger    :1000000 txns
2014-03-29 19:05:12,901 INFO org.apache.hadoop.hdfs.server.namenode.SecondaryNameNode: Image has changed. Downloading updated image from NN.
2014-03-29 19:05:12,906 INFO org.apache.hadoop.hdfs.server.namenode.TransferFsImage: Opening connection to http://localhost:50070/getimage?getimage=1&txid=0&storageInfo=-47:1171046181:0:CID-dff0cbae-ad32-43e7-8802-22dc664a3720
2014-03-29 19:05:13,127 INFO org.apache.hadoop.hdfs.server.namenode.TransferFsImage: Transfer took 0.22s at 0.00 KB/s
2014-03-29 19:05:13,127 INFO org.apache.hadoop.hdfs.server.namenode.TransferFsImage: Downloaded file fsimage.ckpt_0000000000000000000 size 199 bytes.
2014-03-29 19:05:13,135 INFO org.apache.hadoop.hdfs.server.namenode.TransferFsImage: Opening connection to http://localhost:50070/getimage?getedit=1&startTxId=1&endTxId=2&storageInfo=-47:1171046181:0:CID-dff0cbae-ad32-43e7-8802-22dc664a3720
2014-03-29 19:05:13,139 INFO org.apache.hadoop.hdfs.server.namenode.TransferFsImage: Transfer took 0.00s at 0.00 KB/s
2014-03-29 19:05:13,139 INFO org.apache.hadoop.hdfs.server.namenode.TransferFsImage: Downloaded file edits_tmp_0000000000000000001-0000000000000000002_0000001396137913135 size 0 bytes.
2014-03-29 19:05:13,171 INFO org.apache.hadoop.hdfs.server.namenode.FSImage: Loading image file /Users/prateek/UT-classes/Distributed-Computing/Assignment3/hadoop-2.2.0/tmp/dfs/namesecondary/current/fsimage_0000000000000000000 using no compression
2014-03-29 19:05:13,172 INFO org.apache.hadoop.hdfs.server.namenode.FSImage: Number of files = 1
2014-03-29 19:05:13,177 INFO org.apache.hadoop.hdfs.server.namenode.FSImage: Number of files under construction = 0
2014-03-29 19:05:13,177 INFO org.apache.hadoop.hdfs.server.namenode.FSImage: Image file /Users/prateek/UT-classes/Distributed-Computing/Assignment3/hadoop-2.2.0/tmp/dfs/namesecondary/current/fsimage_0000000000000000000 of size 199 bytes loaded in 0 seconds.
2014-03-29 19:05:13,177 INFO org.apache.hadoop.hdfs.server.namenode.FSImage: Loaded image for txid 0 from /Users/prateek/UT-classes/Distributed-Computing/Assignment3/hadoop-2.2.0/tmp/dfs/namesecondary/current/fsimage_0000000000000000000
2014-03-29 19:05:13,177 INFO org.apache.hadoop.hdfs.server.namenode.NameCache: initialized with 0 entries 0 lookups
2014-03-29 19:05:13,186 INFO org.apache.hadoop.hdfs.server.namenode.Checkpointer: Checkpointer about to load edits from 1 stream(s).
2014-03-29 19:05:13,190 INFO org.apache.hadoop.hdfs.server.namenode.FSImage: Reading /Users/prateek/UT-classes/Distributed-Computing/Assignment3/hadoop-2.2.0/tmp/dfs/namesecondary/current/edits_0000000000000000001-0000000000000000002 expecting start txid #1
2014-03-29 19:05:13,191 INFO org.apache.hadoop.hdfs.server.namenode.FSImage: Start loading edits file /Users/prateek/UT-classes/Distributed-Computing/Assignment3/hadoop-2.2.0/tmp/dfs/namesecondary/current/edits_0000000000000000001-0000000000000000002
2014-03-29 19:05:13,211 INFO org.apache.hadoop.hdfs.server.namenode.FSImage: Edits file /Users/prateek/UT-classes/Distributed-Computing/Assignment3/hadoop-2.2.0/tmp/dfs/namesecondary/current/edits_0000000000000000001-0000000000000000002 of size 30 edits # 2 loaded in 0 seconds
2014-03-29 19:05:13,221 INFO org.apache.hadoop.hdfs.server.namenode.FSImage: Saving image file /Users/prateek/UT-classes/Distributed-Computing/Assignment3/hadoop-2.2.0/tmp/dfs/namesecondary/current/fsimage.ckpt_0000000000000000002 using no compression
2014-03-29 19:05:13,236 INFO org.apache.hadoop.hdfs.server.namenode.FSImage: Image file /Users/prateek/UT-classes/Distributed-Computing/Assignment3/hadoop-2.2.0/tmp/dfs/namesecondary/current/fsimage.ckpt_0000000000000000002 of size 199 bytes saved in 0 seconds.
2014-03-29 19:05:13,240 INFO org.apache.hadoop.hdfs.server.namenode.FSImageTransactionalStorageInspector: No version file in /Users/prateek/UT-classes/Distributed-Computing/Assignment3/hadoop-2.2.0/tmp/dfs/namesecondary
2014-03-29 19:05:13,249 INFO org.apache.hadoop.hdfs.server.namenode.TransferFsImage: Opening connection to http://localhost:50070/getimage?putimage=1&txid=2&port=50090&storageInfo=-47:1171046181:0:CID-dff0cbae-ad32-43e7-8802-22dc664a3720
2014-03-29 19:05:13,435 INFO org.apache.hadoop.hdfs.server.namenode.TransferFsImage: Transfer took 0.19s at 0.00 KB/s
2014-03-29 19:05:13,435 INFO org.apache.hadoop.hdfs.server.namenode.TransferFsImage: Uploaded image with txid 2 to namenode at localhost:50070
2014-03-29 19:05:13,435 WARN org.apache.hadoop.hdfs.server.namenode.SecondaryNameNode: Checkpoint done. New Image Size: 199
2014-03-29 20:05:14,090 INFO org.apache.hadoop.hdfs.server.namenode.SecondaryNameNode: Image has not changed. Will not download image.
2014-03-29 20:05:14,093 INFO org.apache.hadoop.hdfs.server.namenode.TransferFsImage: Opening connection to http://localhost:50070/getimage?getedit=1&startTxId=3&endTxId=4&storageInfo=-47:1171046181:0:CID-dff0cbae-ad32-43e7-8802-22dc664a3720
2014-03-29 20:05:14,100 INFO org.apache.hadoop.hdfs.server.namenode.TransferFsImage: Transfer took 0.01s at 0.00 KB/s
2014-03-29 20:05:14,100 INFO org.apache.hadoop.hdfs.server.namenode.TransferFsImage: Downloaded file edits_tmp_0000000000000000003-0000000000000000004_0000001396141514093 size 0 bytes.
2014-03-29 20:05:14,101 INFO org.apache.hadoop.hdfs.server.namenode.Checkpointer: Checkpointer about to load edits from 1 stream(s).
2014-03-29 20:05:14,101 INFO org.apache.hadoop.hdfs.server.namenode.FSImage: Reading /Users/prateek/UT-classes/Distributed-Computing/Assignment3/hadoop-2.2.0/tmp/dfs/namesecondary/current/edits_0000000000000000003-0000000000000000004 expecting start txid #3
2014-03-29 20:05:14,101 INFO org.apache.hadoop.hdfs.server.namenode.FSImage: Start loading edits file /Users/prateek/UT-classes/Distributed-Computing/Assignment3/hadoop-2.2.0/tmp/dfs/namesecondary/current/edits_0000000000000000003-0000000000000000004
2014-03-29 20:05:14,101 INFO org.apache.hadoop.hdfs.server.namenode.FSImage: Edits file /Users/prateek/UT-classes/Distributed-Computing/Assignment3/hadoop-2.2.0/tmp/dfs/namesecondary/current/edits_0000000000000000003-0000000000000000004 of size 30 edits # 2 loaded in 0 seconds
2014-03-29 20:05:14,102 INFO org.apache.hadoop.hdfs.server.namenode.FSImage: Saving image file /Users/prateek/UT-classes/Distributed-Computing/Assignment3/hadoop-2.2.0/tmp/dfs/namesecondary/current/fsimage.ckpt_0000000000000000004 using no compression
2014-03-29 20:05:14,103 INFO org.apache.hadoop.hdfs.server.namenode.FSImage: Image file /Users/prateek/UT-classes/Distributed-Computing/Assignment3/hadoop-2.2.0/tmp/dfs/namesecondary/current/fsimage.ckpt_0000000000000000004 of size 199 bytes saved in 0 seconds.
2014-03-29 20:05:14,111 INFO org.apache.hadoop.hdfs.server.namenode.NNStorageRetentionManager: Going to retain 2 images with txid >= 2
2014-03-29 20:05:14,111 INFO org.apache.hadoop.hdfs.server.namenode.NNStorageRetentionManager: Purging old image FSImageFile(file=/Users/prateek/UT-classes/Distributed-Computing/Assignment3/hadoop-2.2.0/tmp/dfs/namesecondary/current/fsimage_0000000000000000000, cpktTxId=0000000000000000000)
2014-03-29 20:05:14,134 INFO org.apache.hadoop.hdfs.server.namenode.TransferFsImage: Opening connection to http://localhost:50070/getimage?putimage=1&txid=4&port=50090&storageInfo=-47:1171046181:0:CID-dff0cbae-ad32-43e7-8802-22dc664a3720
2014-03-29 20:05:14,152 INFO org.apache.hadoop.hdfs.server.namenode.TransferFsImage: Transfer took 0.02s at 0.00 KB/s
2014-03-29 20:05:14,152 INFO org.apache.hadoop.hdfs.server.namenode.TransferFsImage: Uploaded image with txid 4 to namenode at localhost:50070
2014-03-29 20:05:14,152 WARN org.apache.hadoop.hdfs.server.namenode.SecondaryNameNode: Checkpoint done. New Image Size: 199
2014-03-29 22:25:02,376 INFO org.apache.hadoop.hdfs.server.namenode.SecondaryNameNode: Image has not changed. Will not download image.
2014-03-29 22:25:02,452 INFO org.apache.hadoop.hdfs.server.namenode.TransferFsImage: Opening connection to http://localhost:50070/getimage?getedit=1&startTxId=5&endTxId=54&storageInfo=-47:1171046181:0:CID-dff0cbae-ad32-43e7-8802-22dc664a3720
2014-03-29 22:25:02,495 INFO org.apache.hadoop.hdfs.server.namenode.TransferFsImage: Transfer took 0.04s at 150.00 KB/s
2014-03-29 22:25:02,495 INFO org.apache.hadoop.hdfs.server.namenode.TransferFsImage: Downloaded file edits_tmp_0000000000000000005-0000000000000000054_0000001396149902452 size 0 bytes.
2014-03-29 22:25:02,496 INFO org.apache.hadoop.hdfs.server.namenode.Checkpointer: Checkpointer about to load edits from 1 stream(s).
2014-03-29 22:25:02,497 INFO org.apache.hadoop.hdfs.server.namenode.FSImage: Reading /Users/prateek/UT-classes/Distributed-Computing/Assignment3/hadoop-2.2.0/tmp/dfs/namesecondary/current/edits_0000000000000000005-0000000000000000054 expecting start txid #5
2014-03-29 22:25:02,497 INFO org.apache.hadoop.hdfs.server.namenode.FSImage: Start loading edits file /Users/prateek/UT-classes/Distributed-Computing/Assignment3/hadoop-2.2.0/tmp/dfs/namesecondary/current/edits_0000000000000000005-0000000000000000054
2014-03-29 22:25:02,601 INFO org.apache.hadoop.hdfs.server.namenode.FSImage: Edits file /Users/prateek/UT-classes/Distributed-Computing/Assignment3/hadoop-2.2.0/tmp/dfs/namesecondary/current/edits_0000000000000000005-0000000000000000054 of size 6653 edits # 50 loaded in 0 seconds
2014-03-29 22:25:02,657 INFO org.apache.hadoop.hdfs.server.namenode.FSImage: Saving image file /Users/prateek/UT-classes/Distributed-Computing/Assignment3/hadoop-2.2.0/tmp/dfs/namesecondary/current/fsimage.ckpt_0000000000000000054 using no compression
2014-03-29 22:25:02,683 INFO org.apache.hadoop.hdfs.server.namenode.FSImage: Image file /Users/prateek/UT-classes/Distributed-Computing/Assignment3/hadoop-2.2.0/tmp/dfs/namesecondary/current/fsimage.ckpt_0000000000000000054 of size 1624 bytes saved in 0 seconds.
2014-03-29 22:25:02,690 INFO org.apache.hadoop.hdfs.server.namenode.NNStorageRetentionManager: Going to retain 2 images with txid >= 4
2014-03-29 22:25:02,691 INFO org.apache.hadoop.hdfs.server.namenode.NNStorageRetentionManager: Purging old image FSImageFile(file=/Users/prateek/UT-classes/Distributed-Computing/Assignment3/hadoop-2.2.0/tmp/dfs/namesecondary/current/fsimage_0000000000000000002, cpktTxId=0000000000000000002)
2014-03-29 22:25:02,704 INFO org.apache.hadoop.hdfs.server.namenode.TransferFsImage: Opening connection to http://localhost:50070/getimage?putimage=1&txid=54&port=50090&storageInfo=-47:1171046181:0:CID-dff0cbae-ad32-43e7-8802-22dc664a3720
2014-03-29 22:25:02,729 INFO org.apache.hadoop.hdfs.server.namenode.TransferFsImage: Transfer took 0.03s at 0.00 KB/s
2014-03-29 22:25:02,729 INFO org.apache.hadoop.hdfs.server.namenode.TransferFsImage: Uploaded image with txid 54 to namenode at localhost:50070
2014-03-29 22:25:02,730 WARN org.apache.hadoop.hdfs.server.namenode.SecondaryNameNode: Checkpoint done. New Image Size: 1624
2014-03-29 23:10:04,814 INFO org.apache.hadoop.hdfs.server.namenode.SecondaryNameNode: Image has not changed. Will not download image.
2014-03-29 23:10:04,822 INFO org.apache.hadoop.hdfs.server.namenode.TransferFsImage: Opening connection to http://localhost:50070/getimage?getedit=1&startTxId=55&endTxId=57&storageInfo=-47:1171046181:0:CID-dff0cbae-ad32-43e7-8802-22dc664a3720
2014-03-29 23:10:04,833 INFO org.apache.hadoop.hdfs.server.namenode.TransferFsImage: Transfer took 0.01s at 0.00 KB/s
2014-03-29 23:10:04,833 INFO org.apache.hadoop.hdfs.server.namenode.TransferFsImage: Downloaded file edits_tmp_0000000000000000055-0000000000000000057_0000001396152604822 size 0 bytes.
2014-03-29 23:10:04,834 INFO org.apache.hadoop.hdfs.server.namenode.Checkpointer: Checkpointer about to load edits from 1 stream(s).
2014-03-29 23:10:04,834 INFO org.apache.hadoop.hdfs.server.namenode.FSImage: Reading /Users/prateek/UT-classes/Distributed-Computing/Assignment3/hadoop-2.2.0/tmp/dfs/namesecondary/current/edits_0000000000000000055-0000000000000000057 expecting start txid #55
2014-03-29 23:10:04,834 INFO org.apache.hadoop.hdfs.server.namenode.FSImage: Start loading edits file /Users/prateek/UT-classes/Distributed-Computing/Assignment3/hadoop-2.2.0/tmp/dfs/namesecondary/current/edits_0000000000000000055-0000000000000000057
2014-03-29 23:10:04,836 INFO org.apache.hadoop.hdfs.server.namenode.FSImage: Edits file /Users/prateek/UT-classes/Distributed-Computing/Assignment3/hadoop-2.2.0/tmp/dfs/namesecondary/current/edits_0000000000000000055-0000000000000000057 of size 144 edits # 3 loaded in 0 seconds
2014-03-29 23:10:04,837 INFO org.apache.hadoop.hdfs.server.namenode.FSImage: Saving image file /Users/prateek/UT-classes/Distributed-Computing/Assignment3/hadoop-2.2.0/tmp/dfs/namesecondary/current/fsimage.ckpt_0000000000000000057 using no compression
2014-03-29 23:10:04,839 INFO org.apache.hadoop.hdfs.server.namenode.FSImage: Image file /Users/prateek/UT-classes/Distributed-Computing/Assignment3/hadoop-2.2.0/tmp/dfs/namesecondary/current/fsimage.ckpt_0000000000000000057 of size 1624 bytes saved in 0 seconds.
2014-03-29 23:10:04,841 INFO org.apache.hadoop.hdfs.server.namenode.NNStorageRetentionManager: Going to retain 2 images with txid >= 54
2014-03-29 23:10:04,841 INFO org.apache.hadoop.hdfs.server.namenode.NNStorageRetentionManager: Purging old image FSImageFile(file=/Users/prateek/UT-classes/Distributed-Computing/Assignment3/hadoop-2.2.0/tmp/dfs/namesecondary/current/fsimage_0000000000000000004, cpktTxId=0000000000000000004)
2014-03-29 23:10:04,851 INFO org.apache.hadoop.hdfs.server.namenode.TransferFsImage: Opening connection to http://localhost:50070/getimage?putimage=1&txid=57&port=50090&storageInfo=-47:1171046181:0:CID-dff0cbae-ad32-43e7-8802-22dc664a3720
2014-03-29 23:10:04,865 INFO org.apache.hadoop.hdfs.server.namenode.TransferFsImage: Transfer took 0.01s at 0.00 KB/s
2014-03-29 23:10:04,865 INFO org.apache.hadoop.hdfs.server.namenode.TransferFsImage: Uploaded image with txid 57 to namenode at localhost:50070
2014-03-29 23:10:04,865 WARN org.apache.hadoop.hdfs.server.namenode.SecondaryNameNode: Checkpoint done. New Image Size: 1624
2014-03-30 00:10:05,658 INFO org.apache.hadoop.hdfs.server.namenode.SecondaryNameNode: Image has not changed. Will not download image.
2014-03-30 00:10:05,661 INFO org.apache.hadoop.hdfs.server.namenode.TransferFsImage: Opening connection to http://localhost:50070/getimage?getedit=1&startTxId=58&endTxId=59&storageInfo=-47:1171046181:0:CID-dff0cbae-ad32-43e7-8802-22dc664a3720
2014-03-30 00:10:05,666 INFO org.apache.hadoop.hdfs.server.namenode.TransferFsImage: Transfer took 0.01s at 0.00 KB/s
2014-03-30 00:10:05,666 INFO org.apache.hadoop.hdfs.server.namenode.TransferFsImage: Downloaded file edits_tmp_0000000000000000058-0000000000000000059_0000001396156205661 size 0 bytes.
2014-03-30 00:10:05,667 INFO org.apache.hadoop.hdfs.server.namenode.Checkpointer: Checkpointer about to load edits from 1 stream(s).
2014-03-30 00:10:05,667 INFO org.apache.hadoop.hdfs.server.namenode.FSImage: Reading /Users/prateek/UT-classes/Distributed-Computing/Assignment3/hadoop-2.2.0/tmp/dfs/namesecondary/current/edits_0000000000000000058-0000000000000000059 expecting start txid #58
2014-03-30 00:10:05,667 INFO org.apache.hadoop.hdfs.server.namenode.FSImage: Start loading edits file /Users/prateek/UT-classes/Distributed-Computing/Assignment3/hadoop-2.2.0/tmp/dfs/namesecondary/current/edits_0000000000000000058-0000000000000000059
2014-03-30 00:10:05,667 INFO org.apache.hadoop.hdfs.server.namenode.FSImage: Edits file /Users/prateek/UT-classes/Distributed-Computing/Assignment3/hadoop-2.2.0/tmp/dfs/namesecondary/current/edits_0000000000000000058-0000000000000000059 of size 30 edits # 2 loaded in 0 seconds
2014-03-30 00:10:05,668 INFO org.apache.hadoop.hdfs.server.namenode.FSImage: Saving image file /Users/prateek/UT-classes/Distributed-Computing/Assignment3/hadoop-2.2.0/tmp/dfs/namesecondary/current/fsimage.ckpt_0000000000000000059 using no compression
2014-03-30 00:10:05,669 INFO org.apache.hadoop.hdfs.server.namenode.FSImage: Image file /Users/prateek/UT-classes/Distributed-Computing/Assignment3/hadoop-2.2.0/tmp/dfs/namesecondary/current/fsimage.ckpt_0000000000000000059 of size 1624 bytes saved in 0 seconds.
2014-03-30 00:10:05,672 INFO org.apache.hadoop.hdfs.server.namenode.NNStorageRetentionManager: Going to retain 2 images with txid >= 57
2014-03-30 00:10:05,672 INFO org.apache.hadoop.hdfs.server.namenode.NNStorageRetentionManager: Purging old image FSImageFile(file=/Users/prateek/UT-classes/Distributed-Computing/Assignment3/hadoop-2.2.0/tmp/dfs/namesecondary/current/fsimage_0000000000000000054, cpktTxId=0000000000000000054)
2014-03-30 00:10:05,680 INFO org.apache.hadoop.hdfs.server.namenode.TransferFsImage: Opening connection to http://localhost:50070/getimage?putimage=1&txid=59&port=50090&storageInfo=-47:1171046181:0:CID-dff0cbae-ad32-43e7-8802-22dc664a3720
2014-03-30 00:10:05,697 INFO org.apache.hadoop.hdfs.server.namenode.TransferFsImage: Transfer took 0.02s at 0.00 KB/s
2014-03-30 00:10:05,697 INFO org.apache.hadoop.hdfs.server.namenode.TransferFsImage: Uploaded image with txid 59 to namenode at localhost:50070
2014-03-30 00:10:05,697 WARN org.apache.hadoop.hdfs.server.namenode.SecondaryNameNode: Checkpoint done. New Image Size: 1624
2014-03-30 01:10:06,350 INFO org.apache.hadoop.hdfs.server.namenode.SecondaryNameNode: Image has not changed. Will not download image.
2014-03-30 01:10:06,364 INFO org.apache.hadoop.hdfs.server.namenode.TransferFsImage: Opening connection to http://localhost:50070/getimage?getedit=1&startTxId=60&endTxId=61&storageInfo=-47:1171046181:0:CID-dff0cbae-ad32-43e7-8802-22dc664a3720
2014-03-30 01:10:06,369 INFO org.apache.hadoop.hdfs.server.namenode.TransferFsImage: Transfer took 0.01s at 0.00 KB/s
2014-03-30 01:10:06,369 INFO org.apache.hadoop.hdfs.server.namenode.TransferFsImage: Downloaded file edits_tmp_0000000000000000060-0000000000000000061_0000001396159806363 size 0 bytes.
2014-03-30 01:10:06,370 INFO org.apache.hadoop.hdfs.server.namenode.Checkpointer: Checkpointer about to load edits from 1 stream(s).
2014-03-30 01:10:06,370 INFO org.apache.hadoop.hdfs.server.namenode.FSImage: Reading /Users/prateek/UT-classes/Distributed-Computing/Assignment3/hadoop-2.2.0/tmp/dfs/namesecondary/current/edits_0000000000000000060-0000000000000000061 expecting start txid #60
2014-03-30 01:10:06,370 INFO org.apache.hadoop.hdfs.server.namenode.FSImage: Start loading edits file /Users/prateek/UT-classes/Distributed-Computing/Assignment3/hadoop-2.2.0/tmp/dfs/namesecondary/current/edits_0000000000000000060-0000000000000000061
2014-03-30 01:10:06,371 INFO org.apache.hadoop.hdfs.server.namenode.FSImage: Edits file /Users/prateek/UT-classes/Distributed-Computing/Assignment3/hadoop-2.2.0/tmp/dfs/namesecondary/current/edits_0000000000000000060-0000000000000000061 of size 30 edits # 2 loaded in 0 seconds
2014-03-30 01:10:06,372 INFO org.apache.hadoop.hdfs.server.namenode.FSImage: Saving image file /Users/prateek/UT-classes/Distributed-Computing/Assignment3/hadoop-2.2.0/tmp/dfs/namesecondary/current/fsimage.ckpt_0000000000000000061 using no compression
2014-03-30 01:10:06,374 INFO org.apache.hadoop.hdfs.server.namenode.FSImage: Image file /Users/prateek/UT-classes/Distributed-Computing/Assignment3/hadoop-2.2.0/tmp/dfs/namesecondary/current/fsimage.ckpt_0000000000000000061 of size 1624 bytes saved in 0 seconds.
2014-03-30 01:10:06,376 INFO org.apache.hadoop.hdfs.server.namenode.NNStorageRetentionManager: Going to retain 2 images with txid >= 59
2014-03-30 01:10:06,376 INFO org.apache.hadoop.hdfs.server.namenode.NNStorageRetentionManager: Purging old image FSImageFile(file=/Users/prateek/UT-classes/Distributed-Computing/Assignment3/hadoop-2.2.0/tmp/dfs/namesecondary/current/fsimage_0000000000000000057, cpktTxId=0000000000000000057)
2014-03-30 01:10:06,385 INFO org.apache.hadoop.hdfs.server.namenode.TransferFsImage: Opening connection to http://localhost:50070/getimage?putimage=1&txid=61&port=50090&storageInfo=-47:1171046181:0:CID-dff0cbae-ad32-43e7-8802-22dc664a3720
2014-03-30 01:10:06,398 INFO org.apache.hadoop.hdfs.server.namenode.TransferFsImage: Transfer took 0.01s at 0.00 KB/s
2014-03-30 01:10:06,398 INFO org.apache.hadoop.hdfs.server.namenode.TransferFsImage: Uploaded image with txid 61 to namenode at localhost:50070
2014-03-30 01:10:06,398 WARN org.apache.hadoop.hdfs.server.namenode.SecondaryNameNode: Checkpoint done. New Image Size: 1624
2014-03-30 02:10:07,440 INFO org.apache.hadoop.hdfs.server.namenode.SecondaryNameNode: Image has not changed. Will not download image.
2014-03-30 02:10:07,443 INFO org.apache.hadoop.hdfs.server.namenode.TransferFsImage: Opening connection to http://localhost:50070/getimage?getedit=1&startTxId=62&endTxId=63&storageInfo=-47:1171046181:0:CID-dff0cbae-ad32-43e7-8802-22dc664a3720
2014-03-30 02:10:07,457 INFO org.apache.hadoop.hdfs.server.namenode.TransferFsImage: Transfer took 0.01s at 0.00 KB/s
2014-03-30 02:10:07,457 INFO org.apache.hadoop.hdfs.server.namenode.TransferFsImage: Downloaded file edits_tmp_0000000000000000062-0000000000000000063_0000001396163407443 size 0 bytes.
2014-03-30 02:10:07,458 INFO org.apache.hadoop.hdfs.server.namenode.Checkpointer: Checkpointer about to load edits from 1 stream(s).
2014-03-30 02:10:07,458 INFO org.apache.hadoop.hdfs.server.namenode.FSImage: Reading /Users/prateek/UT-classes/Distributed-Computing/Assignment3/hadoop-2.2.0/tmp/dfs/namesecondary/current/edits_0000000000000000062-0000000000000000063 expecting start txid #62
2014-03-30 02:10:07,458 INFO org.apache.hadoop.hdfs.server.namenode.FSImage: Start loading edits file /Users/prateek/UT-classes/Distributed-Computing/Assignment3/hadoop-2.2.0/tmp/dfs/namesecondary/current/edits_0000000000000000062-0000000000000000063
2014-03-30 02:10:07,458 INFO org.apache.hadoop.hdfs.server.namenode.FSImage: Edits file /Users/prateek/UT-classes/Distributed-Computing/Assignment3/hadoop-2.2.0/tmp/dfs/namesecondary/current/edits_0000000000000000062-0000000000000000063 of size 30 edits # 2 loaded in 0 seconds
2014-03-30 02:10:07,459 INFO org.apache.hadoop.hdfs.server.namenode.FSImage: Saving image file /Users/prateek/UT-classes/Distributed-Computing/Assignment3/hadoop-2.2.0/tmp/dfs/namesecondary/current/fsimage.ckpt_0000000000000000063 using no compression
2014-03-30 02:10:07,461 INFO org.apache.hadoop.hdfs.server.namenode.FSImage: Image file /Users/prateek/UT-classes/Distributed-Computing/Assignment3/hadoop-2.2.0/tmp/dfs/namesecondary/current/fsimage.ckpt_0000000000000000063 of size 1624 bytes saved in 0 seconds.
2014-03-30 02:10:07,463 INFO org.apache.hadoop.hdfs.server.namenode.NNStorageRetentionManager: Going to retain 2 images with txid >= 61
2014-03-30 02:10:07,463 INFO org.apache.hadoop.hdfs.server.namenode.NNStorageRetentionManager: Purging old image FSImageFile(file=/Users/prateek/UT-classes/Distributed-Computing/Assignment3/hadoop-2.2.0/tmp/dfs/namesecondary/current/fsimage_0000000000000000059, cpktTxId=0000000000000000059)
2014-03-30 02:10:07,472 INFO org.apache.hadoop.hdfs.server.namenode.TransferFsImage: Opening connection to http://localhost:50070/getimage?putimage=1&txid=63&port=50090&storageInfo=-47:1171046181:0:CID-dff0cbae-ad32-43e7-8802-22dc664a3720
2014-03-30 02:10:07,484 INFO org.apache.hadoop.hdfs.server.namenode.TransferFsImage: Transfer took 0.01s at 0.00 KB/s
2014-03-30 02:10:07,484 INFO org.apache.hadoop.hdfs.server.namenode.TransferFsImage: Uploaded image with txid 63 to namenode at localhost:50070
2014-03-30 02:10:07,484 WARN org.apache.hadoop.hdfs.server.namenode.SecondaryNameNode: Checkpoint done. New Image Size: 1624
2014-03-30 04:15:25,773 INFO org.apache.hadoop.hdfs.server.namenode.SecondaryNameNode: Image has not changed. Will not download image.
2014-03-30 04:15:25,774 INFO org.apache.hadoop.hdfs.server.namenode.TransferFsImage: Opening connection to http://localhost:50070/getimage?getedit=1&startTxId=64&endTxId=65&storageInfo=-47:1171046181:0:CID-dff0cbae-ad32-43e7-8802-22dc664a3720
2014-03-30 04:15:25,779 INFO org.apache.hadoop.hdfs.server.namenode.TransferFsImage: Transfer took 0.00s at 0.00 KB/s
2014-03-30 04:15:25,779 INFO org.apache.hadoop.hdfs.server.namenode.TransferFsImage: Downloaded file edits_tmp_0000000000000000064-0000000000000000065_0000001396170925773 size 0 bytes.
2014-03-30 04:15:25,780 INFO org.apache.hadoop.hdfs.server.namenode.Checkpointer: Checkpointer about to load edits from 1 stream(s).
2014-03-30 04:15:25,780 INFO org.apache.hadoop.hdfs.server.namenode.FSImage: Reading /Users/prateek/UT-classes/Distributed-Computing/Assignment3/hadoop-2.2.0/tmp/dfs/namesecondary/current/edits_0000000000000000064-0000000000000000065 expecting start txid #64
2014-03-30 04:15:25,780 INFO org.apache.hadoop.hdfs.server.namenode.FSImage: Start loading edits file /Users/prateek/UT-classes/Distributed-Computing/Assignment3/hadoop-2.2.0/tmp/dfs/namesecondary/current/edits_0000000000000000064-0000000000000000065
2014-03-30 04:15:25,780 INFO org.apache.hadoop.hdfs.server.namenode.FSImage: Edits file /Users/prateek/UT-classes/Distributed-Computing/Assignment3/hadoop-2.2.0/tmp/dfs/namesecondary/current/edits_0000000000000000064-0000000000000000065 of size 30 edits # 2 loaded in 0 seconds
2014-03-30 04:15:25,781 INFO org.apache.hadoop.hdfs.server.namenode.FSImage: Saving image file /Users/prateek/UT-classes/Distributed-Computing/Assignment3/hadoop-2.2.0/tmp/dfs/namesecondary/current/fsimage.ckpt_0000000000000000065 using no compression
2014-03-30 04:15:25,783 INFO org.apache.hadoop.hdfs.server.namenode.FSImage: Image file /Users/prateek/UT-classes/Distributed-Computing/Assignment3/hadoop-2.2.0/tmp/dfs/namesecondary/current/fsimage.ckpt_0000000000000000065 of size 1624 bytes saved in 0 seconds.
2014-03-30 04:15:25,785 INFO org.apache.hadoop.hdfs.server.namenode.NNStorageRetentionManager: Going to retain 2 images with txid >= 63
2014-03-30 04:15:25,785 INFO org.apache.hadoop.hdfs.server.namenode.NNStorageRetentionManager: Purging old image FSImageFile(file=/Users/prateek/UT-classes/Distributed-Computing/Assignment3/hadoop-2.2.0/tmp/dfs/namesecondary/current/fsimage_0000000000000000061, cpktTxId=0000000000000000061)
2014-03-30 04:15:25,848 INFO org.apache.hadoop.hdfs.server.namenode.TransferFsImage: Opening connection to http://localhost:50070/getimage?putimage=1&txid=65&port=50090&storageInfo=-47:1171046181:0:CID-dff0cbae-ad32-43e7-8802-22dc664a3720
2014-03-30 04:15:25,928 INFO org.apache.hadoop.hdfs.server.namenode.TransferFsImage: Transfer took 0.08s at 0.00 KB/s
2014-03-30 04:15:25,928 INFO org.apache.hadoop.hdfs.server.namenode.TransferFsImage: Uploaded image with txid 65 to namenode at localhost:50070
2014-03-30 04:15:25,928 WARN org.apache.hadoop.hdfs.server.namenode.SecondaryNameNode: Checkpoint done. New Image Size: 1624
2014-03-30 06:03:19,909 INFO org.apache.hadoop.hdfs.server.namenode.SecondaryNameNode: Image has not changed. Will not download image.
2014-03-30 06:03:19,910 INFO org.apache.hadoop.hdfs.server.namenode.TransferFsImage: Opening connection to http://localhost:50070/getimage?getedit=1&startTxId=66&endTxId=67&storageInfo=-47:1171046181:0:CID-dff0cbae-ad32-43e7-8802-22dc664a3720
2014-03-30 06:03:20,100 INFO org.apache.hadoop.hdfs.server.namenode.TransferFsImage: Transfer took 0.19s at 0.00 KB/s
2014-03-30 06:03:20,100 INFO org.apache.hadoop.hdfs.server.namenode.TransferFsImage: Downloaded file edits_tmp_0000000000000000066-0000000000000000067_0000001396177399910 size 0 bytes.
2014-03-30 06:03:20,101 INFO org.apache.hadoop.hdfs.server.namenode.Checkpointer: Checkpointer about to load edits from 1 stream(s).
2014-03-30 06:03:20,102 INFO org.apache.hadoop.hdfs.server.namenode.FSImage: Reading /Users/prateek/UT-classes/Distributed-Computing/Assignment3/hadoop-2.2.0/tmp/dfs/namesecondary/current/edits_0000000000000000066-0000000000000000067 expecting start txid #66
2014-03-30 06:03:20,102 INFO org.apache.hadoop.hdfs.server.namenode.FSImage: Start loading edits file /Users/prateek/UT-classes/Distributed-Computing/Assignment3/hadoop-2.2.0/tmp/dfs/namesecondary/current/edits_0000000000000000066-0000000000000000067
2014-03-30 06:03:20,102 INFO org.apache.hadoop.hdfs.server.namenode.FSImage: Edits file /Users/prateek/UT-classes/Distributed-Computing/Assignment3/hadoop-2.2.0/tmp/dfs/namesecondary/current/edits_0000000000000000066-0000000000000000067 of size 30 edits # 2 loaded in 0 seconds
2014-03-30 06:03:20,104 INFO org.apache.hadoop.hdfs.server.namenode.FSImage: Saving image file /Users/prateek/UT-classes/Distributed-Computing/Assignment3/hadoop-2.2.0/tmp/dfs/namesecondary/current/fsimage.ckpt_0000000000000000067 using no compression
2014-03-30 06:03:20,141 INFO org.apache.hadoop.hdfs.server.namenode.FSImage: Image file /Users/prateek/UT-classes/Distributed-Computing/Assignment3/hadoop-2.2.0/tmp/dfs/namesecondary/current/fsimage.ckpt_0000000000000000067 of size 1624 bytes saved in 0 seconds.
2014-03-30 06:03:20,147 INFO org.apache.hadoop.hdfs.server.namenode.NNStorageRetentionManager: Going to retain 2 images with txid >= 65
2014-03-30 06:03:20,147 INFO org.apache.hadoop.hdfs.server.namenode.NNStorageRetentionManager: Purging old image FSImageFile(file=/Users/prateek/UT-classes/Distributed-Computing/Assignment3/hadoop-2.2.0/tmp/dfs/namesecondary/current/fsimage_0000000000000000063, cpktTxId=0000000000000000063)
2014-03-30 06:03:20,156 INFO org.apache.hadoop.hdfs.server.namenode.TransferFsImage: Opening connection to http://localhost:50070/getimage?putimage=1&txid=67&port=50090&storageInfo=-47:1171046181:0:CID-dff0cbae-ad32-43e7-8802-22dc664a3720
2014-03-30 06:03:20,170 INFO org.apache.hadoop.hdfs.server.namenode.TransferFsImage: Transfer took 0.01s at 0.00 KB/s
2014-03-30 06:03:20,170 INFO org.apache.hadoop.hdfs.server.namenode.TransferFsImage: Uploaded image with txid 67 to namenode at localhost:50070
2014-03-30 06:03:20,170 WARN org.apache.hadoop.hdfs.server.namenode.SecondaryNameNode: Checkpoint done. New Image Size: 1624
2014-03-30 07:40:24,629 INFO org.apache.hadoop.hdfs.server.namenode.SecondaryNameNode: Image has not changed. Will not download image.
2014-03-30 07:40:24,629 INFO org.apache.hadoop.hdfs.server.namenode.TransferFsImage: Opening connection to http://localhost:50070/getimage?getedit=1&startTxId=68&endTxId=69&storageInfo=-47:1171046181:0:CID-dff0cbae-ad32-43e7-8802-22dc664a3720
2014-03-30 07:40:24,634 INFO org.apache.hadoop.hdfs.server.namenode.TransferFsImage: Transfer took 0.01s at 0.00 KB/s
2014-03-30 07:40:24,634 INFO org.apache.hadoop.hdfs.server.namenode.TransferFsImage: Downloaded file edits_tmp_0000000000000000068-0000000000000000069_0000001396183224629 size 0 bytes.
2014-03-30 07:40:24,635 INFO org.apache.hadoop.hdfs.server.namenode.Checkpointer: Checkpointer about to load edits from 1 stream(s).
2014-03-30 07:40:24,635 INFO org.apache.hadoop.hdfs.server.namenode.FSImage: Reading /Users/prateek/UT-classes/Distributed-Computing/Assignment3/hadoop-2.2.0/tmp/dfs/namesecondary/current/edits_0000000000000000068-0000000000000000069 expecting start txid #68
2014-03-30 07:40:24,635 INFO org.apache.hadoop.hdfs.server.namenode.FSImage: Start loading edits file /Users/prateek/UT-classes/Distributed-Computing/Assignment3/hadoop-2.2.0/tmp/dfs/namesecondary/current/edits_0000000000000000068-0000000000000000069
2014-03-30 07:40:24,635 INFO org.apache.hadoop.hdfs.server.namenode.FSImage: Edits file /Users/prateek/UT-classes/Distributed-Computing/Assignment3/hadoop-2.2.0/tmp/dfs/namesecondary/current/edits_0000000000000000068-0000000000000000069 of size 30 edits # 2 loaded in 0 seconds
2014-03-30 07:40:24,636 INFO org.apache.hadoop.hdfs.server.namenode.FSImage: Saving image file /Users/prateek/UT-classes/Distributed-Computing/Assignment3/hadoop-2.2.0/tmp/dfs/namesecondary/current/fsimage.ckpt_0000000000000000069 using no compression
2014-03-30 07:40:24,637 INFO org.apache.hadoop.hdfs.server.namenode.FSImage: Image file /Users/prateek/UT-classes/Distributed-Computing/Assignment3/hadoop-2.2.0/tmp/dfs/namesecondary/current/fsimage.ckpt_0000000000000000069 of size 1624 bytes saved in 0 seconds.
2014-03-30 07:40:24,640 INFO org.apache.hadoop.hdfs.server.namenode.NNStorageRetentionManager: Going to retain 2 images with txid >= 67
2014-03-30 07:40:24,640 INFO org.apache.hadoop.hdfs.server.namenode.NNStorageRetentionManager: Purging old image FSImageFile(file=/Users/prateek/UT-classes/Distributed-Computing/Assignment3/hadoop-2.2.0/tmp/dfs/namesecondary/current/fsimage_0000000000000000065, cpktTxId=0000000000000000065)
2014-03-30 07:40:24,732 INFO org.apache.hadoop.hdfs.server.namenode.TransferFsImage: Opening connection to http://localhost:50070/getimage?putimage=1&txid=69&port=50090&storageInfo=-47:1171046181:0:CID-dff0cbae-ad32-43e7-8802-22dc664a3720
2014-03-30 07:40:24,750 INFO org.apache.hadoop.hdfs.server.namenode.TransferFsImage: Transfer took 0.02s at 0.00 KB/s
2014-03-30 07:40:24,750 INFO org.apache.hadoop.hdfs.server.namenode.TransferFsImage: Uploaded image with txid 69 to namenode at localhost:50070
2014-03-30 07:40:24,750 WARN org.apache.hadoop.hdfs.server.namenode.SecondaryNameNode: Checkpoint done. New Image Size: 1624
2014-03-30 08:07:18,639 INFO org.apache.hadoop.hdfs.server.namenode.SecondaryNameNode: SHUTDOWN_MSG: 
/************************************************************
SHUTDOWN_MSG: Shutting down SecondaryNameNode at Prateeks-MacBook-Pro.local/192.168.1.3
************************************************************/
2014-04-06 17:06:53,935 INFO org.apache.hadoop.hdfs.server.namenode.SecondaryNameNode: STARTUP_MSG: 
/************************************************************
STARTUP_MSG: Starting SecondaryNameNode
STARTUP_MSG:   host = Prateeks-MacBook-Pro.local/192.168.1.3
STARTUP_MSG:   args = []
STARTUP_MSG:   version = 2.2.0
STARTUP_MSG:   classpath = /Users/prateek/UT-classes/Distributed-Computing/Assignment3/hadoop-2.2.0/etc/hadoop:/Users/prateek/UT-classes/Distributed-Computing/Assignment3/hadoop-2.2.0/share/hadoop/common/lib/activation-1.1.jar:/Users/prateek/UT-classes/Distributed-Computing/Assignment3/hadoop-2.2.0/share/hadoop/common/lib/asm-3.2.jar:/Users/prateek/UT-classes/Distributed-Computing/Assignment3/hadoop-2.2.0/share/hadoop/common/lib/avro-1.7.4.jar:/Users/prateek/UT-classes/Distributed-Computing/Assignment3/hadoop-2.2.0/share/hadoop/common/lib/commons-beanutils-1.7.0.jar:/Users/prateek/UT-classes/Distributed-Computing/Assignment3/hadoop-2.2.0/share/hadoop/common/lib/commons-beanutils-core-1.8.0.jar:/Users/prateek/UT-classes/Distributed-Computing/Assignment3/hadoop-2.2.0/share/hadoop/common/lib/commons-cli-1.2.jar:/Users/prateek/UT-classes/Distributed-Computing/Assignment3/hadoop-2.2.0/share/hadoop/common/lib/commons-codec-1.4.jar:/Users/prateek/UT-classes/Distributed-Computing/Assignment3/hadoop-2.2.0/share/hadoop/common/lib/commons-collections-3.2.1.jar:/Users/prateek/UT-classes/Distributed-Computing/Assignment3/hadoop-2.2.0/share/hadoop/common/lib/commons-compress-1.4.1.jar:/Users/prateek/UT-classes/Distributed-Computing/Assignment3/hadoop-2.2.0/share/hadoop/common/lib/commons-configuration-1.6.jar:/Users/prateek/UT-classes/Distributed-Computing/Assignment3/hadoop-2.2.0/share/hadoop/common/lib/commons-digester-1.8.jar:/Users/prateek/UT-classes/Distributed-Computing/Assignment3/hadoop-2.2.0/share/hadoop/common/lib/commons-el-1.0.jar:/Users/prateek/UT-classes/Distributed-Computing/Assignment3/hadoop-2.2.0/share/hadoop/common/lib/commons-httpclient-3.1.jar:/Users/prateek/UT-classes/Distributed-Computing/Assignment3/hadoop-2.2.0/share/hadoop/common/lib/commons-io-2.1.jar:/Users/prateek/UT-classes/Distributed-Computing/Assignment3/hadoop-2.2.0/share/hadoop/common/lib/commons-lang-2.5.jar:/Users/prateek/UT-classes/Distributed-Computing/Assignment3/hadoop-2.2.0/share/hadoop/common/lib/commons-logging-1.1.1.jar:/Users/prateek/UT-classes/Distributed-Computing/Assignment3/hadoop-2.2.0/share/hadoop/common/lib/commons-math-2.1.jar:/Users/prateek/UT-classes/Distributed-Computing/Assignment3/hadoop-2.2.0/share/hadoop/common/lib/commons-net-3.1.jar:/Users/prateek/UT-classes/Distributed-Computing/Assignment3/hadoop-2.2.0/share/hadoop/common/lib/guava-11.0.2.jar:/Users/prateek/UT-classes/Distributed-Computing/Assignment3/hadoop-2.2.0/share/hadoop/common/lib/hadoop-annotations-2.2.0.jar:/Users/prateek/UT-classes/Distributed-Computing/Assignment3/hadoop-2.2.0/share/hadoop/common/lib/hadoop-auth-2.2.0.jar:/Users/prateek/UT-classes/Distributed-Computing/Assignment3/hadoop-2.2.0/share/hadoop/common/lib/jackson-core-asl-1.8.8.jar:/Users/prateek/UT-classes/Distributed-Computing/Assignment3/hadoop-2.2.0/share/hadoop/common/lib/jackson-jaxrs-1.8.8.jar:/Users/prateek/UT-classes/Distributed-Computing/Assignment3/hadoop-2.2.0/share/hadoop/common/lib/jackson-mapper-asl-1.8.8.jar:/Users/prateek/UT-classes/Distributed-Computing/Assignment3/hadoop-2.2.0/share/hadoop/common/lib/jackson-xc-1.8.8.jar:/Users/prateek/UT-classes/Distributed-Computing/Assignment3/hadoop-2.2.0/share/hadoop/common/lib/jasper-compiler-5.5.23.jar:/Users/prateek/UT-classes/Distributed-Computing/Assignment3/hadoop-2.2.0/share/hadoop/common/lib/jasper-runtime-5.5.23.jar:/Users/prateek/UT-classes/Distributed-Computing/Assignment3/hadoop-2.2.0/share/hadoop/common/lib/jaxb-api-2.2.2.jar:/Users/prateek/UT-classes/Distributed-Computing/Assignment3/hadoop-2.2.0/share/hadoop/common/lib/jaxb-impl-2.2.3-1.jar:/Users/prateek/UT-classes/Distributed-Computing/Assignment3/hadoop-2.2.0/share/hadoop/common/lib/jersey-core-1.9.jar:/Users/prateek/UT-classes/Distributed-Computing/Assignment3/hadoop-2.2.0/share/hadoop/common/lib/jersey-json-1.9.jar:/Users/prateek/UT-classes/Distributed-Computing/Assignment3/hadoop-2.2.0/share/hadoop/common/lib/jersey-server-1.9.jar:/Users/prateek/UT-classes/Distributed-Computing/Assignment3/hadoop-2.2.0/share/hadoop/common/lib/jets3t-0.6.1.jar:/Users/prateek/UT-classes/Distributed-Computing/Assignment3/hadoop-2.2.0/share/hadoop/common/lib/jettison-1.1.jar:/Users/prateek/UT-classes/Distributed-Computing/Assignment3/hadoop-2.2.0/share/hadoop/common/lib/jetty-6.1.26.jar:/Users/prateek/UT-classes/Distributed-Computing/Assignment3/hadoop-2.2.0/share/hadoop/common/lib/jetty-util-6.1.26.jar:/Users/prateek/UT-classes/Distributed-Computing/Assignment3/hadoop-2.2.0/share/hadoop/common/lib/jsch-0.1.42.jar:/Users/prateek/UT-classes/Distributed-Computing/Assignment3/hadoop-2.2.0/share/hadoop/common/lib/jsp-api-2.1.jar:/Users/prateek/UT-classes/Distributed-Computing/Assignment3/hadoop-2.2.0/share/hadoop/common/lib/jsr305-1.3.9.jar:/Users/prateek/UT-classes/Distributed-Computing/Assignment3/hadoop-2.2.0/share/hadoop/common/lib/junit-4.8.2.jar:/Users/prateek/UT-classes/Distributed-Computing/Assignment3/hadoop-2.2.0/share/hadoop/common/lib/log4j-1.2.17.jar:/Users/prateek/UT-classes/Distributed-Computing/Assignment3/hadoop-2.2.0/share/hadoop/common/lib/mockito-all-1.8.5.jar:/Users/prateek/UT-classes/Distributed-Computing/Assignment3/hadoop-2.2.0/share/hadoop/common/lib/netty-3.6.2.Final.jar:/Users/prateek/UT-classes/Distributed-Computing/Assignment3/hadoop-2.2.0/share/hadoop/common/lib/paranamer-2.3.jar:/Users/prateek/UT-classes/Distributed-Computing/Assignment3/hadoop-2.2.0/share/hadoop/common/lib/protobuf-java-2.5.0.jar:/Users/prateek/UT-classes/Distributed-Computing/Assignment3/hadoop-2.2.0/share/hadoop/common/lib/servlet-api-2.5.jar:/Users/prateek/UT-classes/Distributed-Computing/Assignment3/hadoop-2.2.0/share/hadoop/common/lib/slf4j-api-1.7.5.jar:/Users/prateek/UT-classes/Distributed-Computing/Assignment3/hadoop-2.2.0/share/hadoop/common/lib/slf4j-log4j12-1.7.5.jar:/Users/prateek/UT-classes/Distributed-Computing/Assignment3/hadoop-2.2.0/share/hadoop/common/lib/snappy-java-1.0.4.1.jar:/Users/prateek/UT-classes/Distributed-Computing/Assignment3/hadoop-2.2.0/share/hadoop/common/lib/stax-api-1.0.1.jar:/Users/prateek/UT-classes/Distributed-Computing/Assignment3/hadoop-2.2.0/share/hadoop/common/lib/xmlenc-0.52.jar:/Users/prateek/UT-classes/Distributed-Computing/Assignment3/hadoop-2.2.0/share/hadoop/common/lib/xz-1.0.jar:/Users/prateek/UT-classes/Distributed-Computing/Assignment3/hadoop-2.2.0/share/hadoop/common/lib/zookeeper-3.4.5.jar:/Users/prateek/UT-classes/Distributed-Computing/Assignment3/hadoop-2.2.0/share/hadoop/common/hadoop-common-2.2.0-tests.jar:/Users/prateek/UT-classes/Distributed-Computing/Assignment3/hadoop-2.2.0/share/hadoop/common/hadoop-common-2.2.0.jar:/Users/prateek/UT-classes/Distributed-Computing/Assignment3/hadoop-2.2.0/share/hadoop/common/hadoop-nfs-2.2.0.jar:/Users/prateek/UT-classes/Distributed-Computing/Assignment3/hadoop-2.2.0/share/hadoop/hdfs:/Users/prateek/UT-classes/Distributed-Computing/Assignment3/hadoop-2.2.0/share/hadoop/hdfs/lib/asm-3.2.jar:/Users/prateek/UT-classes/Distributed-Computing/Assignment3/hadoop-2.2.0/share/hadoop/hdfs/lib/commons-cli-1.2.jar:/Users/prateek/UT-classes/Distributed-Computing/Assignment3/hadoop-2.2.0/share/hadoop/hdfs/lib/commons-codec-1.4.jar:/Users/prateek/UT-classes/Distributed-Computing/Assignment3/hadoop-2.2.0/share/hadoop/hdfs/lib/commons-daemon-1.0.13.jar:/Users/prateek/UT-classes/Distributed-Computing/Assignment3/hadoop-2.2.0/share/hadoop/hdfs/lib/commons-el-1.0.jar:/Users/prateek/UT-classes/Distributed-Computing/Assignment3/hadoop-2.2.0/share/hadoop/hdfs/lib/commons-io-2.1.jar:/Users/prateek/UT-classes/Distributed-Computing/Assignment3/hadoop-2.2.0/share/hadoop/hdfs/lib/commons-lang-2.5.jar:/Users/prateek/UT-classes/Distributed-Computing/Assignment3/hadoop-2.2.0/share/hadoop/hdfs/lib/commons-logging-1.1.1.jar:/Users/prateek/UT-classes/Distributed-Computing/Assignment3/hadoop-2.2.0/share/hadoop/hdfs/lib/guava-11.0.2.jar:/Users/prateek/UT-classes/Distributed-Computing/Assignment3/hadoop-2.2.0/share/hadoop/hdfs/lib/jackson-core-asl-1.8.8.jar:/Users/prateek/UT-classes/Distributed-Computing/Assignment3/hadoop-2.2.0/share/hadoop/hdfs/lib/jackson-mapper-asl-1.8.8.jar:/Users/prateek/UT-classes/Distributed-Computing/Assignment3/hadoop-2.2.0/share/hadoop/hdfs/lib/jasper-runtime-5.5.23.jar:/Users/prateek/UT-classes/Distributed-Computing/Assignment3/hadoop-2.2.0/share/hadoop/hdfs/lib/jersey-core-1.9.jar:/Users/prateek/UT-classes/Distributed-Computing/Assignment3/hadoop-2.2.0/share/hadoop/hdfs/lib/jersey-server-1.9.jar:/Users/prateek/UT-classes/Distributed-Computing/Assignment3/hadoop-2.2.0/share/hadoop/hdfs/lib/jetty-6.1.26.jar:/Users/prateek/UT-classes/Distributed-Computing/Assignment3/hadoop-2.2.0/share/hadoop/hdfs/lib/jetty-util-6.1.26.jar:/Users/prateek/UT-classes/Distributed-Computing/Assignment3/hadoop-2.2.0/share/hadoop/hdfs/lib/jsp-api-2.1.jar:/Users/prateek/UT-classes/Distributed-Computing/Assignment3/hadoop-2.2.0/share/hadoop/hdfs/lib/jsr305-1.3.9.jar:/Users/prateek/UT-classes/Distributed-Computing/Assignment3/hadoop-2.2.0/share/hadoop/hdfs/lib/log4j-1.2.17.jar:/Users/prateek/UT-classes/Distributed-Computing/Assignment3/hadoop-2.2.0/share/hadoop/hdfs/lib/netty-3.6.2.Final.jar:/Users/prateek/UT-classes/Distributed-Computing/Assignment3/hadoop-2.2.0/share/hadoop/hdfs/lib/protobuf-java-2.5.0.jar:/Users/prateek/UT-classes/Distributed-Computing/Assignment3/hadoop-2.2.0/share/hadoop/hdfs/lib/servlet-api-2.5.jar:/Users/prateek/UT-classes/Distributed-Computing/Assignment3/hadoop-2.2.0/share/hadoop/hdfs/lib/xmlenc-0.52.jar:/Users/prateek/UT-classes/Distributed-Computing/Assignment3/hadoop-2.2.0/share/hadoop/hdfs/hadoop-hdfs-2.2.0-tests.jar:/Users/prateek/UT-classes/Distributed-Computing/Assignment3/hadoop-2.2.0/share/hadoop/hdfs/hadoop-hdfs-2.2.0.jar:/Users/prateek/UT-classes/Distributed-Computing/Assignment3/hadoop-2.2.0/share/hadoop/hdfs/hadoop-hdfs-nfs-2.2.0.jar:/Users/prateek/UT-classes/Distributed-Computing/Assignment3/hadoop-2.2.0/share/hadoop/yarn/lib/aopalliance-1.0.jar:/Users/prateek/UT-classes/Distributed-Computing/Assignment3/hadoop-2.2.0/share/hadoop/yarn/lib/asm-3.2.jar:/Users/prateek/UT-classes/Distributed-Computing/Assignment3/hadoop-2.2.0/share/hadoop/yarn/lib/avro-1.7.4.jar:/Users/prateek/UT-classes/Distributed-Computing/Assignment3/hadoop-2.2.0/share/hadoop/yarn/lib/commons-compress-1.4.1.jar:/Users/prateek/UT-classes/Distributed-Computing/Assignment3/hadoop-2.2.0/share/hadoop/yarn/lib/commons-io-2.1.jar:/Users/prateek/UT-classes/Distributed-Computing/Assignment3/hadoop-2.2.0/share/hadoop/yarn/lib/guice-3.0.jar:/Users/prateek/UT-classes/Distributed-Computing/Assignment3/hadoop-2.2.0/share/hadoop/yarn/lib/guice-servlet-3.0.jar:/Users/prateek/UT-classes/Distributed-Computing/Assignment3/hadoop-2.2.0/share/hadoop/yarn/lib/hadoop-annotations-2.2.0.jar:/Users/prateek/UT-classes/Distributed-Computing/Assignment3/hadoop-2.2.0/share/hadoop/yarn/lib/hamcrest-core-1.1.jar:/Users/prateek/UT-classes/Distributed-Computing/Assignment3/hadoop-2.2.0/share/hadoop/yarn/lib/jackson-core-asl-1.8.8.jar:/Users/prateek/UT-classes/Distributed-Computing/Assignment3/hadoop-2.2.0/share/hadoop/yarn/lib/jackson-mapper-asl-1.8.8.jar:/Users/prateek/UT-classes/Distributed-Computing/Assignment3/hadoop-2.2.0/share/hadoop/yarn/lib/javax.inject-1.jar:/Users/prateek/UT-classes/Distributed-Computing/Assignment3/hadoop-2.2.0/share/hadoop/yarn/lib/jersey-core-1.9.jar:/Users/prateek/UT-classes/Distributed-Computing/Assignment3/hadoop-2.2.0/share/hadoop/yarn/lib/jersey-guice-1.9.jar:/Users/prateek/UT-classes/Distributed-Computing/Assignment3/hadoop-2.2.0/share/hadoop/yarn/lib/jersey-server-1.9.jar:/Users/prateek/UT-classes/Distributed-Computing/Assignment3/hadoop-2.2.0/share/hadoop/yarn/lib/junit-4.10.jar:/Users/prateek/UT-classes/Distributed-Computing/Assignment3/hadoop-2.2.0/share/hadoop/yarn/lib/log4j-1.2.17.jar:/Users/prateek/UT-classes/Distributed-Computing/Assignment3/hadoop-2.2.0/share/hadoop/yarn/lib/netty-3.6.2.Final.jar:/Users/prateek/UT-classes/Distributed-Computing/Assignment3/hadoop-2.2.0/share/hadoop/yarn/lib/paranamer-2.3.jar:/Users/prateek/UT-classes/Distributed-Computing/Assignment3/hadoop-2.2.0/share/hadoop/yarn/lib/protobuf-java-2.5.0.jar:/Users/prateek/UT-classes/Distributed-Computing/Assignment3/hadoop-2.2.0/share/hadoop/yarn/lib/snappy-java-1.0.4.1.jar:/Users/prateek/UT-classes/Distributed-Computing/Assignment3/hadoop-2.2.0/share/hadoop/yarn/lib/xz-1.0.jar:/Users/prateek/UT-classes/Distributed-Computing/Assignment3/hadoop-2.2.0/share/hadoop/yarn/hadoop-yarn-api-2.2.0.jar:/Users/prateek/UT-classes/Distributed-Computing/Assignment3/hadoop-2.2.0/share/hadoop/yarn/hadoop-yarn-applications-distributedshell-2.2.0.jar:/Users/prateek/UT-classes/Distributed-Computing/Assignment3/hadoop-2.2.0/share/hadoop/yarn/hadoop-yarn-applications-unmanaged-am-launcher-2.2.0.jar:/Users/prateek/UT-classes/Distributed-Computing/Assignment3/hadoop-2.2.0/share/hadoop/yarn/hadoop-yarn-client-2.2.0.jar:/Users/prateek/UT-classes/Distributed-Computing/Assignment3/hadoop-2.2.0/share/hadoop/yarn/hadoop-yarn-common-2.2.0.jar:/Users/prateek/UT-classes/Distributed-Computing/Assignment3/hadoop-2.2.0/share/hadoop/yarn/hadoop-yarn-server-common-2.2.0.jar:/Users/prateek/UT-classes/Distributed-Computing/Assignment3/hadoop-2.2.0/share/hadoop/yarn/hadoop-yarn-server-nodemanager-2.2.0.jar:/Users/prateek/UT-classes/Distributed-Computing/Assignment3/hadoop-2.2.0/share/hadoop/yarn/hadoop-yarn-server-resourcemanager-2.2.0.jar:/Users/prateek/UT-classes/Distributed-Computing/Assignment3/hadoop-2.2.0/share/hadoop/yarn/hadoop-yarn-server-tests-2.2.0.jar:/Users/prateek/UT-classes/Distributed-Computing/Assignment3/hadoop-2.2.0/share/hadoop/yarn/hadoop-yarn-server-web-proxy-2.2.0.jar:/Users/prateek/UT-classes/Distributed-Computing/Assignment3/hadoop-2.2.0/share/hadoop/yarn/hadoop-yarn-site-2.2.0.jar:/Users/prateek/UT-classes/Distributed-Computing/Assignment3/hadoop-2.2.0/share/hadoop/mapreduce/lib/aopalliance-1.0.jar:/Users/prateek/UT-classes/Distributed-Computing/Assignment3/hadoop-2.2.0/share/hadoop/mapreduce/lib/asm-3.2.jar:/Users/prateek/UT-classes/Distributed-Computing/Assignment3/hadoop-2.2.0/share/hadoop/mapreduce/lib/avro-1.7.4.jar:/Users/prateek/UT-classes/Distributed-Computing/Assignment3/hadoop-2.2.0/share/hadoop/mapreduce/lib/commons-compress-1.4.1.jar:/Users/prateek/UT-classes/Distributed-Computing/Assignment3/hadoop-2.2.0/share/hadoop/mapreduce/lib/commons-io-2.1.jar:/Users/prateek/UT-classes/Distributed-Computing/Assignment3/hadoop-2.2.0/share/hadoop/mapreduce/lib/guice-3.0.jar:/Users/prateek/UT-classes/Distributed-Computing/Assignment3/hadoop-2.2.0/share/hadoop/mapreduce/lib/guice-servlet-3.0.jar:/Users/prateek/UT-classes/Distributed-Computing/Assignment3/hadoop-2.2.0/share/hadoop/mapreduce/lib/hadoop-annotations-2.2.0.jar:/Users/prateek/UT-classes/Distributed-Computing/Assignment3/hadoop-2.2.0/share/hadoop/mapreduce/lib/hamcrest-core-1.1.jar:/Users/prateek/UT-classes/Distributed-Computing/Assignment3/hadoop-2.2.0/share/hadoop/mapreduce/lib/jackson-core-asl-1.8.8.jar:/Users/prateek/UT-classes/Distributed-Computing/Assignment3/hadoop-2.2.0/share/hadoop/mapreduce/lib/jackson-mapper-asl-1.8.8.jar:/Users/prateek/UT-classes/Distributed-Computing/Assignment3/hadoop-2.2.0/share/hadoop/mapreduce/lib/javax.inject-1.jar:/Users/prateek/UT-classes/Distributed-Computing/Assignment3/hadoop-2.2.0/share/hadoop/mapreduce/lib/jersey-core-1.9.jar:/Users/prateek/UT-classes/Distributed-Computing/Assignment3/hadoop-2.2.0/share/hadoop/mapreduce/lib/jersey-guice-1.9.jar:/Users/prateek/UT-classes/Distributed-Computing/Assignment3/hadoop-2.2.0/share/hadoop/mapreduce/lib/jersey-server-1.9.jar:/Users/prateek/UT-classes/Distributed-Computing/Assignment3/hadoop-2.2.0/share/hadoop/mapreduce/lib/junit-4.10.jar:/Users/prateek/UT-classes/Distributed-Computing/Assignment3/hadoop-2.2.0/share/hadoop/mapreduce/lib/log4j-1.2.17.jar:/Users/prateek/UT-classes/Distributed-Computing/Assignment3/hadoop-2.2.0/share/hadoop/mapreduce/lib/netty-3.6.2.Final.jar:/Users/prateek/UT-classes/Distributed-Computing/Assignment3/hadoop-2.2.0/share/hadoop/mapreduce/lib/paranamer-2.3.jar:/Users/prateek/UT-classes/Distributed-Computing/Assignment3/hadoop-2.2.0/share/hadoop/mapreduce/lib/protobuf-java-2.5.0.jar:/Users/prateek/UT-classes/Distributed-Computing/Assignment3/hadoop-2.2.0/share/hadoop/mapreduce/lib/snappy-java-1.0.4.1.jar:/Users/prateek/UT-classes/Distributed-Computing/Assignment3/hadoop-2.2.0/share/hadoop/mapreduce/lib/xz-1.0.jar:/Users/prateek/UT-classes/Distributed-Computing/Assignment3/hadoop-2.2.0/share/hadoop/mapreduce/hadoop-mapreduce-client-app-2.2.0.jar:/Users/prateek/UT-classes/Distributed-Computing/Assignment3/hadoop-2.2.0/share/hadoop/mapreduce/hadoop-mapreduce-client-common-2.2.0.jar:/Users/prateek/UT-classes/Distributed-Computing/Assignment3/hadoop-2.2.0/share/hadoop/mapreduce/hadoop-mapreduce-client-core-2.2.0.jar:/Users/prateek/UT-classes/Distributed-Computing/Assignment3/hadoop-2.2.0/share/hadoop/mapreduce/hadoop-mapreduce-client-hs-2.2.0.jar:/Users/prateek/UT-classes/Distributed-Computing/Assignment3/hadoop-2.2.0/share/hadoop/mapreduce/hadoop-mapreduce-client-hs-plugins-2.2.0.jar:/Users/prateek/UT-classes/Distributed-Computing/Assignment3/hadoop-2.2.0/share/hadoop/mapreduce/hadoop-mapreduce-client-jobclient-2.2.0-tests.jar:/Users/prateek/UT-classes/Distributed-Computing/Assignment3/hadoop-2.2.0/share/hadoop/mapreduce/hadoop-mapreduce-client-jobclient-2.2.0.jar:/Users/prateek/UT-classes/Distributed-Computing/Assignment3/hadoop-2.2.0/share/hadoop/mapreduce/hadoop-mapreduce-client-shuffle-2.2.0.jar:/Users/prateek/UT-classes/Distributed-Computing/Assignment3/hadoop-2.2.0/share/hadoop/mapreduce/hadoop-mapreduce-examples-2.2.0.jar:/contrib/capacity-scheduler/*.jar:/contrib/capacity-scheduler/*.jar:/contrib/capacity-scheduler/*.jar
STARTUP_MSG:   build = https://svn.apache.org/repos/asf/hadoop/common -r 1529768; compiled by 'hortonmu' on 2013-10-07T06:28Z
STARTUP_MSG:   java = 1.6.0_65
************************************************************/
2014-04-06 17:06:53,945 INFO org.apache.hadoop.hdfs.server.namenode.SecondaryNameNode: registered UNIX signal handlers for [TERM, HUP, INT]
2014-04-06 17:06:54,327 WARN org.apache.hadoop.util.NativeCodeLoader: Unable to load native-hadoop library for your platform... using builtin-java classes where applicable
2014-04-06 17:06:54,487 INFO org.apache.hadoop.metrics2.impl.MetricsConfig: loaded properties from hadoop-metrics2.properties
2014-04-06 17:06:54,728 INFO org.apache.hadoop.metrics2.impl.MetricsSystemImpl: Scheduled snapshot period at 10 second(s).
2014-04-06 17:06:54,728 INFO org.apache.hadoop.metrics2.impl.MetricsSystemImpl: SecondaryNameNode metrics system started
2014-04-06 17:06:55,054 INFO org.apache.hadoop.hdfs.server.common.Storage: Lock on /Users/prateek/UT-classes/Distributed-Computing/Assignment3/hadoop-2.2.0/tmp/dfs/namesecondary/in_use.lock acquired by nodename 29591@Prateeks-MacBook-Pro.local
2014-04-06 17:06:55,123 INFO org.apache.hadoop.hdfs.server.namenode.HostFileManager: read includes:
HostSet(
)
2014-04-06 17:06:55,123 INFO org.apache.hadoop.hdfs.server.namenode.HostFileManager: read excludes:
HostSet(
)
2014-04-06 17:06:55,125 INFO org.apache.hadoop.hdfs.server.blockmanagement.DatanodeManager: dfs.block.invalidate.limit=1000
2014-04-06 17:06:55,128 INFO org.apache.hadoop.util.GSet: Computing capacity for map BlocksMap
2014-04-06 17:06:55,128 INFO org.apache.hadoop.util.GSet: VM type       = 64-bit
2014-04-06 17:06:55,131 INFO org.apache.hadoop.util.GSet: 2.0% max memory = 987.5 MB
2014-04-06 17:06:55,131 INFO org.apache.hadoop.util.GSet: capacity      = 2^21 = 2097152 entries
2014-04-06 17:06:55,136 INFO org.apache.hadoop.hdfs.server.blockmanagement.BlockManager: dfs.block.access.token.enable=false
2014-04-06 17:06:55,136 INFO org.apache.hadoop.hdfs.server.blockmanagement.BlockManager: defaultReplication         = 3
2014-04-06 17:06:55,136 INFO org.apache.hadoop.hdfs.server.blockmanagement.BlockManager: maxReplication             = 512
2014-04-06 17:06:55,136 INFO org.apache.hadoop.hdfs.server.blockmanagement.BlockManager: minReplication             = 1
2014-04-06 17:06:55,136 INFO org.apache.hadoop.hdfs.server.blockmanagement.BlockManager: maxReplicationStreams      = 2
2014-04-06 17:06:55,136 INFO org.apache.hadoop.hdfs.server.blockmanagement.BlockManager: shouldCheckForEnoughRacks  = false
2014-04-06 17:06:55,136 INFO org.apache.hadoop.hdfs.server.blockmanagement.BlockManager: replicationRecheckInterval = 3000
2014-04-06 17:06:55,136 INFO org.apache.hadoop.hdfs.server.blockmanagement.BlockManager: encryptDataTransfer        = false
2014-04-06 17:06:55,137 INFO org.apache.hadoop.hdfs.server.namenode.FSNamesystem: fsOwner             = prateek (auth:SIMPLE)
2014-04-06 17:06:55,137 INFO org.apache.hadoop.hdfs.server.namenode.FSNamesystem: supergroup          = supergroup
2014-04-06 17:06:55,137 INFO org.apache.hadoop.hdfs.server.namenode.FSNamesystem: isPermissionEnabled = true
2014-04-06 17:06:55,137 INFO org.apache.hadoop.hdfs.server.namenode.FSNamesystem: HA Enabled: false
2014-04-06 17:06:55,140 INFO org.apache.hadoop.hdfs.server.namenode.FSNamesystem: Append Enabled: true
2014-04-06 17:06:55,319 INFO org.apache.hadoop.util.GSet: Computing capacity for map INodeMap
2014-04-06 17:06:55,319 INFO org.apache.hadoop.util.GSet: VM type       = 64-bit
2014-04-06 17:06:55,319 INFO org.apache.hadoop.util.GSet: 1.0% max memory = 987.5 MB
2014-04-06 17:06:55,319 INFO org.apache.hadoop.util.GSet: capacity      = 2^20 = 1048576 entries
2014-04-06 17:06:55,320 INFO org.apache.hadoop.hdfs.server.namenode.NameNode: Caching file names occuring more than 10 times
2014-04-06 17:06:55,323 INFO org.apache.hadoop.hdfs.server.namenode.FSNamesystem: dfs.namenode.safemode.threshold-pct = 0.9990000128746033
2014-04-06 17:06:55,323 INFO org.apache.hadoop.hdfs.server.namenode.FSNamesystem: dfs.namenode.safemode.min.datanodes = 0
2014-04-06 17:06:55,323 INFO org.apache.hadoop.hdfs.server.namenode.FSNamesystem: dfs.namenode.safemode.extension     = 30000
2014-04-06 17:06:55,355 INFO org.mortbay.log: Logging to org.slf4j.impl.Log4jLoggerAdapter(org.mortbay.log) via org.mortbay.log.Slf4jLog
2014-04-06 17:06:55,395 INFO org.apache.hadoop.http.HttpServer: Added global filter 'safety' (class=org.apache.hadoop.http.HttpServer$QuotingInputFilter)
2014-04-06 17:06:55,397 INFO org.apache.hadoop.http.HttpServer: Added filter static_user_filter (class=org.apache.hadoop.http.lib.StaticUserWebFilter$StaticUserFilter) to context secondary
2014-04-06 17:06:55,397 INFO org.apache.hadoop.http.HttpServer: Added filter static_user_filter (class=org.apache.hadoop.http.lib.StaticUserWebFilter$StaticUserFilter) to context static
2014-04-06 17:06:55,398 INFO org.apache.hadoop.http.HttpServer: Added filter static_user_filter (class=org.apache.hadoop.http.lib.StaticUserWebFilter$StaticUserFilter) to context logs
2014-04-06 17:06:55,424 INFO org.apache.hadoop.http.HttpServer: Jetty bound to port 50090
2014-04-06 17:06:55,424 INFO org.mortbay.log: jetty-6.1.26
2014-04-06 17:06:55,607 INFO org.mortbay.log: Started SelectChannelConnector@0.0.0.0:50090
2014-04-06 17:06:55,607 INFO org.apache.hadoop.hdfs.server.namenode.SecondaryNameNode: Web server init done
2014-04-06 17:06:55,607 INFO org.apache.hadoop.hdfs.server.namenode.SecondaryNameNode: Secondary Web-server up at: 0.0.0.0:50090
2014-04-06 17:06:55,607 INFO org.apache.hadoop.hdfs.server.namenode.SecondaryNameNode: Checkpoint Period   :3600 secs (60 min)
2014-04-06 17:06:55,608 INFO org.apache.hadoop.hdfs.server.namenode.SecondaryNameNode: Log Size Trigger    :1000000 txns
2014-04-06 17:07:56,030 INFO org.apache.hadoop.hdfs.server.namenode.SecondaryNameNode: Image has changed. Downloading updated image from NN.
2014-04-06 17:07:56,041 INFO org.apache.hadoop.hdfs.server.namenode.TransferFsImage: Opening connection to http://localhost:50070/getimage?getimage=1&txid=70&storageInfo=-47:1171046181:0:CID-dff0cbae-ad32-43e7-8802-22dc664a3720
2014-04-06 17:07:56,160 INFO org.apache.hadoop.hdfs.server.namenode.TransferFsImage: Transfer took 0.12s at 8.40 KB/s
2014-04-06 17:07:56,160 INFO org.apache.hadoop.hdfs.server.namenode.TransferFsImage: Downloaded file fsimage.ckpt_0000000000000000070 size 1624 bytes.
2014-04-06 17:07:56,169 INFO org.apache.hadoop.hdfs.server.namenode.TransferFsImage: Opening connection to http://localhost:50070/getimage?getedit=1&startTxId=71&endTxId=72&storageInfo=-47:1171046181:0:CID-dff0cbae-ad32-43e7-8802-22dc664a3720
2014-04-06 17:07:56,173 INFO org.apache.hadoop.hdfs.server.namenode.TransferFsImage: Transfer took 0.00s at 0.00 KB/s
2014-04-06 17:07:56,173 INFO org.apache.hadoop.hdfs.server.namenode.TransferFsImage: Downloaded file edits_tmp_0000000000000000071-0000000000000000072_0000001396822076169 size 0 bytes.
2014-04-06 17:07:56,191 INFO org.apache.hadoop.hdfs.server.namenode.FSImage: Loading image file /Users/prateek/UT-classes/Distributed-Computing/Assignment3/hadoop-2.2.0/tmp/dfs/namesecondary/current/fsimage_0000000000000000070 using no compression
2014-04-06 17:07:56,191 INFO org.apache.hadoop.hdfs.server.namenode.FSImage: Number of files = 15
2014-04-06 17:07:56,210 INFO org.apache.hadoop.hdfs.server.namenode.FSImage: Number of files under construction = 0
2014-04-06 17:07:56,210 INFO org.apache.hadoop.hdfs.server.namenode.FSImage: Image file /Users/prateek/UT-classes/Distributed-Computing/Assignment3/hadoop-2.2.0/tmp/dfs/namesecondary/current/fsimage_0000000000000000070 of size 1624 bytes loaded in 0 seconds.
2014-04-06 17:07:56,210 INFO org.apache.hadoop.hdfs.server.namenode.FSImage: Loaded image for txid 70 from /Users/prateek/UT-classes/Distributed-Computing/Assignment3/hadoop-2.2.0/tmp/dfs/namesecondary/current/fsimage_0000000000000000070
2014-04-06 17:07:56,210 INFO org.apache.hadoop.hdfs.server.namenode.NameCache: initialized with 0 entries 0 lookups
2014-04-06 17:07:56,219 INFO org.apache.hadoop.hdfs.server.namenode.Checkpointer: Checkpointer about to load edits from 1 stream(s).
2014-04-06 17:07:56,224 INFO org.apache.hadoop.hdfs.server.namenode.FSImage: Reading /Users/prateek/UT-classes/Distributed-Computing/Assignment3/hadoop-2.2.0/tmp/dfs/namesecondary/current/edits_0000000000000000071-0000000000000000072 expecting start txid #71
2014-04-06 17:07:56,224 INFO org.apache.hadoop.hdfs.server.namenode.FSImage: Start loading edits file /Users/prateek/UT-classes/Distributed-Computing/Assignment3/hadoop-2.2.0/tmp/dfs/namesecondary/current/edits_0000000000000000071-0000000000000000072
2014-04-06 17:07:56,239 INFO org.apache.hadoop.hdfs.server.namenode.FSImage: Edits file /Users/prateek/UT-classes/Distributed-Computing/Assignment3/hadoop-2.2.0/tmp/dfs/namesecondary/current/edits_0000000000000000071-0000000000000000072 of size 30 edits # 2 loaded in 0 seconds
2014-04-06 17:07:56,248 INFO org.apache.hadoop.hdfs.server.namenode.FSImage: Saving image file /Users/prateek/UT-classes/Distributed-Computing/Assignment3/hadoop-2.2.0/tmp/dfs/namesecondary/current/fsimage.ckpt_0000000000000000072 using no compression
2014-04-06 17:07:56,259 INFO org.apache.hadoop.hdfs.server.namenode.FSImage: Image file /Users/prateek/UT-classes/Distributed-Computing/Assignment3/hadoop-2.2.0/tmp/dfs/namesecondary/current/fsimage.ckpt_0000000000000000072 of size 1624 bytes saved in 0 seconds.
2014-04-06 17:07:56,265 INFO org.apache.hadoop.hdfs.server.namenode.NNStorageRetentionManager: Going to retain 2 images with txid >= 70
2014-04-06 17:07:56,265 INFO org.apache.hadoop.hdfs.server.namenode.NNStorageRetentionManager: Purging old image FSImageFile(file=/Users/prateek/UT-classes/Distributed-Computing/Assignment3/hadoop-2.2.0/tmp/dfs/namesecondary/current/fsimage_0000000000000000067, cpktTxId=0000000000000000067)
2014-04-06 17:07:56,271 INFO org.apache.hadoop.hdfs.server.namenode.NNStorageRetentionManager: Purging old image FSImageFile(file=/Users/prateek/UT-classes/Distributed-Computing/Assignment3/hadoop-2.2.0/tmp/dfs/namesecondary/current/fsimage_0000000000000000069, cpktTxId=0000000000000000069)
2014-04-06 17:07:56,289 INFO org.apache.hadoop.hdfs.server.namenode.TransferFsImage: Opening connection to http://localhost:50070/getimage?putimage=1&txid=72&port=50090&storageInfo=-47:1171046181:0:CID-dff0cbae-ad32-43e7-8802-22dc664a3720
2014-04-06 17:07:56,466 INFO org.apache.hadoop.hdfs.server.namenode.TransferFsImage: Transfer took 0.18s at 0.00 KB/s
2014-04-06 17:07:56,466 INFO org.apache.hadoop.hdfs.server.namenode.TransferFsImage: Uploaded image with txid 72 to namenode at localhost:50070
2014-04-06 17:07:56,467 WARN org.apache.hadoop.hdfs.server.namenode.SecondaryNameNode: Checkpoint done. New Image Size: 1624
2014-04-06 18:07:57,519 INFO org.apache.hadoop.hdfs.server.namenode.SecondaryNameNode: Image has not changed. Will not download image.
2014-04-06 18:07:57,522 INFO org.apache.hadoop.hdfs.server.namenode.TransferFsImage: Opening connection to http://localhost:50070/getimage?getedit=1&startTxId=73&endTxId=107&storageInfo=-47:1171046181:0:CID-dff0cbae-ad32-43e7-8802-22dc664a3720
2014-04-06 18:07:57,527 INFO org.apache.hadoop.hdfs.server.namenode.TransferFsImage: Transfer took 0.00s at 750.00 KB/s
2014-04-06 18:07:57,527 INFO org.apache.hadoop.hdfs.server.namenode.TransferFsImage: Downloaded file edits_tmp_0000000000000000073-0000000000000000107_0000001396825677522 size 0 bytes.
2014-04-06 18:07:57,528 INFO org.apache.hadoop.hdfs.server.namenode.Checkpointer: Checkpointer about to load edits from 1 stream(s).
2014-04-06 18:07:57,528 INFO org.apache.hadoop.hdfs.server.namenode.FSImage: Reading /Users/prateek/UT-classes/Distributed-Computing/Assignment3/hadoop-2.2.0/tmp/dfs/namesecondary/current/edits_0000000000000000073-0000000000000000107 expecting start txid #73
2014-04-06 18:07:57,528 INFO org.apache.hadoop.hdfs.server.namenode.FSImage: Start loading edits file /Users/prateek/UT-classes/Distributed-Computing/Assignment3/hadoop-2.2.0/tmp/dfs/namesecondary/current/edits_0000000000000000073-0000000000000000107
2014-04-06 18:07:57,543 INFO org.apache.hadoop.hdfs.server.namenode.FSImage: Edits file /Users/prateek/UT-classes/Distributed-Computing/Assignment3/hadoop-2.2.0/tmp/dfs/namesecondary/current/edits_0000000000000000073-0000000000000000107 of size 3390 edits # 35 loaded in 0 seconds
2014-04-06 18:07:57,544 INFO org.apache.hadoop.hdfs.server.namenode.FSImage: Saving image file /Users/prateek/UT-classes/Distributed-Computing/Assignment3/hadoop-2.2.0/tmp/dfs/namesecondary/current/fsimage.ckpt_0000000000000000107 using no compression
2014-04-06 18:07:57,546 INFO org.apache.hadoop.hdfs.server.namenode.FSImage: Image file /Users/prateek/UT-classes/Distributed-Computing/Assignment3/hadoop-2.2.0/tmp/dfs/namesecondary/current/fsimage.ckpt_0000000000000000107 of size 2176 bytes saved in 0 seconds.
2014-04-06 18:07:57,548 INFO org.apache.hadoop.hdfs.server.namenode.NNStorageRetentionManager: Going to retain 2 images with txid >= 72
2014-04-06 18:07:57,548 INFO org.apache.hadoop.hdfs.server.namenode.NNStorageRetentionManager: Purging old image FSImageFile(file=/Users/prateek/UT-classes/Distributed-Computing/Assignment3/hadoop-2.2.0/tmp/dfs/namesecondary/current/fsimage_0000000000000000070, cpktTxId=0000000000000000070)
2014-04-06 18:07:57,559 INFO org.apache.hadoop.hdfs.server.namenode.TransferFsImage: Opening connection to http://localhost:50070/getimage?putimage=1&txid=107&port=50090&storageInfo=-47:1171046181:0:CID-dff0cbae-ad32-43e7-8802-22dc664a3720
2014-04-06 18:07:57,573 INFO org.apache.hadoop.hdfs.server.namenode.TransferFsImage: Transfer took 0.01s at 0.00 KB/s
2014-04-06 18:07:57,573 INFO org.apache.hadoop.hdfs.server.namenode.TransferFsImage: Uploaded image with txid 107 to namenode at localhost:50070
2014-04-06 18:07:57,574 WARN org.apache.hadoop.hdfs.server.namenode.SecondaryNameNode: Checkpoint done. New Image Size: 2176
